# Logfile created on 2014-11-10 17:32:24 +0200 by logger.rb/44203
D, [2014-11-10T17:33:09.955482 #7564] DEBUG -- :   [1m[36mSensor Load (0.2ms)[0m  [1mSELECT `sensors`.* FROM `sensors`   ORDER BY `sensors`.`featured` DESC[0m
D, [2014-11-10T17:33:10.636567 #7564] DEBUG -- :   [1m[35mSensor Load (0.6ms)[0m  SELECT `sensors`.* FROM `sensors`   ORDER BY `sensors`.`featured` DESC
D, [2014-11-11T10:48:37.141701 #16555] DEBUG -- :   [1m[36mSensor Load (30.8ms)[0m  [1mSELECT `sensors`.* FROM `sensors`   ORDER BY `sensors`.`featured` DESC[0m
D, [2014-11-11T11:47:28.794607 #21526] DEBUG -- :   [1m[36m (0.4ms)[0m  [1mBEGIN[0m
D, [2014-11-11T11:47:28.794998 #21526] DEBUG -- :   [1m[35m (0.1ms)[0m  COMMIT
D, [2014-11-11T11:47:28.795367 #21526] DEBUG -- :   [1m[36m (0.1ms)[0m  [1mBEGIN[0m
D, [2014-11-11T11:47:28.893300 #21526] DEBUG -- :   [1m[35mSensor Load (25.2ms)[0m  SELECT `sensors`.* FROM `sensors`   ORDER BY `sensors`.`featured` DESC
D, [2014-11-11T11:47:28.916212 #21526] DEBUG -- :   [1m[36m (0.5ms)[0m  [1mROLLBACK[0m
D, [2014-11-11T11:47:35.718034 #21531] DEBUG -- :   [1m[36m (0.3ms)[0m  [1mBEGIN[0m
D, [2014-11-11T11:47:35.719181 #21531] DEBUG -- :   [1m[35m (0.5ms)[0m  COMMIT
D, [2014-11-11T11:47:35.720200 #21531] DEBUG -- :   [1m[36m (0.4ms)[0m  [1mBEGIN[0m
D, [2014-11-11T11:47:35.805835 #21531] DEBUG -- :   [1m[35mSensor Load (0.4ms)[0m  SELECT `sensors`.* FROM `sensors`   ORDER BY `sensors`.`featured` DESC
D, [2014-11-11T11:47:35.850236 #21531] DEBUG -- :   [1m[36m (0.5ms)[0m  [1mROLLBACK[0m
D, [2014-11-11T11:48:37.298413 #21654] DEBUG -- :   [1m[36mSensor Load (0.5ms)[0m  [1mSELECT `sensors`.* FROM `sensors`   ORDER BY `sensors`.`featured` DESC[0m
D, [2014-11-11T11:48:37.334162 #21654] DEBUG -- :   [1m[35m (20.0ms)[0m  SELECT @@FOREIGN_KEY_CHECKS
D, [2014-11-11T11:48:37.335373 #21654] DEBUG -- :   [1m[36m (0.5ms)[0m  [1mSET FOREIGN_KEY_CHECKS = 0[0m
D, [2014-11-11T11:48:37.338205 #21654] DEBUG -- :   [1m[35m (1.3ms)[0m  SELECT DATABASE() as db
D, [2014-11-11T11:48:37.342199 #21654] DEBUG -- :   [1m[36m (3.4ms)[0m  [1mselect table_name from information_schema.views where table_schema = 'temp_metrix_test'[0m
D, [2014-11-11T11:48:37.479067 #21654] DEBUG -- :   [1m[35m (136.4ms)[0m  TRUNCATE TABLE `sensors`;
D, [2014-11-11T11:48:37.479947 #21654] DEBUG -- :   [1m[36m (0.4ms)[0m  [1mSET FOREIGN_KEY_CHECKS = 1[0m
D, [2014-11-11T11:48:37.481851 #21654] DEBUG -- :   [1m[35m (0.6ms)[0m  SELECT @@FOREIGN_KEY_CHECKS
D, [2014-11-11T11:48:37.482825 #21654] DEBUG -- :   [1m[36m (0.4ms)[0m  [1mSET FOREIGN_KEY_CHECKS = 0[0m
D, [2014-11-11T11:48:37.529058 #21654] DEBUG -- :   [1m[35m (45.8ms)[0m  TRUNCATE TABLE `sensors`;
D, [2014-11-11T11:48:37.529790 #21654] DEBUG -- :   [1m[36m (0.3ms)[0m  [1mSET FOREIGN_KEY_CHECKS = 1[0m
D, [2014-11-11T11:49:12.412771 #21728] DEBUG -- :   [1m[36mSensor Load (0.5ms)[0m  [1mSELECT `sensors`.* FROM `sensors`   ORDER BY `sensors`.`featured` DESC[0m
D, [2014-11-11T11:49:12.416848 #21728] DEBUG -- :   [1m[35m (0.3ms)[0m  SELECT @@FOREIGN_KEY_CHECKS
D, [2014-11-11T11:49:12.417462 #21728] DEBUG -- :   [1m[36m (0.2ms)[0m  [1mSET FOREIGN_KEY_CHECKS = 0[0m
D, [2014-11-11T11:49:12.418415 #21728] DEBUG -- :   [1m[35m (0.3ms)[0m  SELECT DATABASE() as db
D, [2014-11-11T11:49:12.419454 #21728] DEBUG -- :   [1m[36m (0.8ms)[0m  [1mselect table_name from information_schema.views where table_schema = 'temp_metrix_test'[0m
D, [2014-11-11T11:49:12.503380 #21728] DEBUG -- :   [1m[35m (83.6ms)[0m  TRUNCATE TABLE `sensors`;
D, [2014-11-11T11:49:12.504475 #21728] DEBUG -- :   [1m[36m (0.5ms)[0m  [1mSET FOREIGN_KEY_CHECKS = 1[0m
D, [2014-11-11T11:49:12.506878 #21728] DEBUG -- :   [1m[35m (0.8ms)[0m  SELECT @@FOREIGN_KEY_CHECKS
D, [2014-11-11T11:49:12.508191 #21728] DEBUG -- :   [1m[36m (0.5ms)[0m  [1mSET FOREIGN_KEY_CHECKS = 0[0m
D, [2014-11-11T11:49:12.561905 #21728] DEBUG -- :   [1m[35m (53.2ms)[0m  TRUNCATE TABLE `sensors`;
D, [2014-11-11T11:49:12.562682 #21728] DEBUG -- :   [1m[36m (0.3ms)[0m  [1mSET FOREIGN_KEY_CHECKS = 1[0m
D, [2014-11-11T11:51:01.312066 #21957] DEBUG -- :   [1m[36mSensor Load (0.5ms)[0m  [1mSELECT `sensors`.* FROM `sensors`   ORDER BY `sensors`.`featured` DESC[0m
D, [2014-11-11T11:51:01.316246 #21957] DEBUG -- :   [1m[35m (0.3ms)[0m  SELECT @@FOREIGN_KEY_CHECKS
D, [2014-11-11T11:51:01.316806 #21957] DEBUG -- :   [1m[36m (0.2ms)[0m  [1mSET FOREIGN_KEY_CHECKS = 0[0m
D, [2014-11-11T11:51:01.317736 #21957] DEBUG -- :   [1m[35m (0.2ms)[0m  SELECT DATABASE() as db
D, [2014-11-11T11:51:01.318880 #21957] DEBUG -- :   [1m[36m (0.8ms)[0m  [1mselect table_name from information_schema.views where table_schema = 'temp_metrix_test'[0m
D, [2014-11-11T11:51:01.455680 #21957] DEBUG -- :   [1m[35m (136.4ms)[0m  TRUNCATE TABLE `sensors`;
D, [2014-11-11T11:51:01.456776 #21957] DEBUG -- :   [1m[36m (0.5ms)[0m  [1mSET FOREIGN_KEY_CHECKS = 1[0m
D, [2014-11-11T11:51:01.459294 #21957] DEBUG -- :   [1m[35m (0.6ms)[0m  SELECT @@FOREIGN_KEY_CHECKS
D, [2014-11-11T11:51:01.460207 #21957] DEBUG -- :   [1m[36m (0.4ms)[0m  [1mSET FOREIGN_KEY_CHECKS = 0[0m
D, [2014-11-11T11:51:01.513907 #21957] DEBUG -- :   [1m[35m (53.3ms)[0m  TRUNCATE TABLE `sensors`;
D, [2014-11-11T11:51:01.514844 #21957] DEBUG -- :   [1m[36m (0.4ms)[0m  [1mSET FOREIGN_KEY_CHECKS = 1[0m
D, [2014-11-11T11:53:10.415337 #22174] DEBUG -- :   [1m[36m (0.2ms)[0m  [1mBEGIN[0m
D, [2014-11-11T11:53:10.419318 #22174] DEBUG -- :   [1m[35mSQL (0.4ms)[0m  INSERT INTO `sensors` (`featured`, `name`) VALUES (0, 'New Stefaniemouth')
D, [2014-11-11T11:53:10.519250 #22174] DEBUG -- :   [1m[36m (98.8ms)[0m  [1mCOMMIT[0m
D, [2014-11-11T11:53:10.522450 #22174] DEBUG -- :   [1m[35m (0.3ms)[0m  BEGIN
D, [2014-11-11T11:53:10.524761 #22174] DEBUG -- :   [1m[36mSQL (0.6ms)[0m  [1mINSERT INTO `sensors` (`featured`, `name`) VALUES (0, 'New Stefaniemouth')[0m
D, [2014-11-11T11:53:10.585952 #22174] DEBUG -- :   [1m[35m (60.4ms)[0m  COMMIT
D, [2014-11-11T11:53:10.661539 #22174] DEBUG -- :   [1m[36mSensor Load (0.7ms)[0m  [1mSELECT `sensors`.* FROM `sensors`   ORDER BY `sensors`.`featured` DESC[0m
D, [2014-11-11T11:53:10.667673 #22174] DEBUG -- :   [1m[35m (0.2ms)[0m  SELECT @@FOREIGN_KEY_CHECKS
D, [2014-11-11T11:53:10.668106 #22174] DEBUG -- :   [1m[36m (0.1ms)[0m  [1mSET FOREIGN_KEY_CHECKS = 0[0m
D, [2014-11-11T11:53:10.668972 #22174] DEBUG -- :   [1m[35m (0.2ms)[0m  SELECT DATABASE() as db
D, [2014-11-11T11:53:10.669858 #22174] DEBUG -- :   [1m[36m (0.6ms)[0m  [1mselect table_name from information_schema.views where table_schema = 'temp_metrix_test'[0m
D, [2014-11-11T11:53:10.747656 #22174] DEBUG -- :   [1m[35m (77.4ms)[0m  TRUNCATE TABLE `sensors`;
D, [2014-11-11T11:53:10.748521 #22174] DEBUG -- :   [1m[36m (0.3ms)[0m  [1mSET FOREIGN_KEY_CHECKS = 1[0m
D, [2014-11-11T11:53:10.751244 #22174] DEBUG -- :   [1m[35m (0.4ms)[0m  BEGIN
D, [2014-11-11T11:53:10.754076 #22174] DEBUG -- :   [1m[36mSQL (0.7ms)[0m  [1mINSERT INTO `sensors` (`featured`, `name`) VALUES (0, 'New Stefaniemouth')[0m
D, [2014-11-11T11:53:10.811451 #22174] DEBUG -- :   [1m[35m (56.6ms)[0m  COMMIT
D, [2014-11-11T11:53:10.813393 #22174] DEBUG -- :   [1m[36m (0.4ms)[0m  [1mBEGIN[0m
D, [2014-11-11T11:53:10.815758 #22174] DEBUG -- :   [1m[35mSQL (0.7ms)[0m  INSERT INTO `sensors` (`featured`, `name`) VALUES (0, 'New Stefaniemouth')
D, [2014-11-11T11:53:10.869879 #22174] DEBUG -- :   [1m[36m (53.4ms)[0m  [1mCOMMIT[0m
D, [2014-11-11T11:53:10.871901 #22174] DEBUG -- :   [1m[35m (0.4ms)[0m  BEGIN
D, [2014-11-11T11:53:10.874190 #22174] DEBUG -- :   [1m[36mSQL (0.7ms)[0m  [1mINSERT INTO `sensors` (`featured`, `name`) VALUES (0, 'New Stefaniemouth')[0m
D, [2014-11-11T11:53:10.928248 #22174] DEBUG -- :   [1m[35m (53.2ms)[0m  COMMIT
D, [2014-11-11T11:53:10.930233 #22174] DEBUG -- :   [1m[36m (0.4ms)[0m  [1mBEGIN[0m
D, [2014-11-11T11:53:10.932609 #22174] DEBUG -- :   [1m[35mSQL (0.6ms)[0m  INSERT INTO `sensors` (`featured`, `name`) VALUES (0, 'New Stefaniemouth')
D, [2014-11-11T11:53:10.986727 #22174] DEBUG -- :   [1m[36m (53.3ms)[0m  [1mCOMMIT[0m
D, [2014-11-11T11:53:10.991731 #22174] DEBUG -- :   [1m[35mSensor Load (0.9ms)[0m  SELECT `sensors`.* FROM `sensors`   ORDER BY `sensors`.`featured` DESC
D, [2014-11-11T11:53:10.996724 #22174] DEBUG -- :   [1m[36mSensor Load (1.4ms)[0m  [1mSELECT `sensors`.* FROM `sensors`[0m
D, [2014-11-11T11:53:11.004763 #22174] DEBUG -- :   [1m[35m (0.5ms)[0m  SELECT @@FOREIGN_KEY_CHECKS
D, [2014-11-11T11:53:11.005680 #22174] DEBUG -- :   [1m[36m (0.3ms)[0m  [1mSET FOREIGN_KEY_CHECKS = 0[0m
D, [2014-11-11T11:53:11.061894 #22174] DEBUG -- :   [1m[35m (55.8ms)[0m  TRUNCATE TABLE `sensors`;
D, [2014-11-11T11:53:11.062419 #22174] DEBUG -- :   [1m[36m (0.2ms)[0m  [1mSET FOREIGN_KEY_CHECKS = 1[0m
D, [2014-11-11T11:53:36.237101 #22196] DEBUG -- :   [1m[36m (0.5ms)[0m  [1mBEGIN[0m
D, [2014-11-11T11:53:36.246235 #22196] DEBUG -- :   [1m[35mSQL (0.7ms)[0m  INSERT INTO `sensors` (`featured`, `name`) VALUES (1, 'Lake Karleyberg')
D, [2014-11-11T11:53:36.322541 #22196] DEBUG -- :   [1m[36m (75.3ms)[0m  [1mCOMMIT[0m
D, [2014-11-11T11:53:36.325708 #22196] DEBUG -- :   [1m[35m (0.3ms)[0m  BEGIN
D, [2014-11-11T11:53:36.328069 #22196] DEBUG -- :   [1m[36mSQL (0.6ms)[0m  [1mINSERT INTO `sensors` (`featured`, `name`) VALUES (1, 'Lake Karleyberg')[0m
D, [2014-11-11T11:53:36.378364 #22196] DEBUG -- :   [1m[35m (49.5ms)[0m  COMMIT
D, [2014-11-11T11:53:36.452807 #22196] DEBUG -- :   [1m[36mSensor Load (0.7ms)[0m  [1mSELECT `sensors`.* FROM `sensors`   ORDER BY `sensors`.`featured` DESC[0m
D, [2014-11-11T11:53:36.458688 #22196] DEBUG -- :   [1m[35m (0.3ms)[0m  SELECT @@FOREIGN_KEY_CHECKS
D, [2014-11-11T11:53:36.459521 #22196] DEBUG -- :   [1m[36m (0.4ms)[0m  [1mSET FOREIGN_KEY_CHECKS = 0[0m
D, [2014-11-11T11:53:36.461125 #22196] DEBUG -- :   [1m[35m (0.3ms)[0m  SELECT DATABASE() as db
D, [2014-11-11T11:53:36.462457 #22196] DEBUG -- :   [1m[36m (0.7ms)[0m  [1mselect table_name from information_schema.views where table_schema = 'temp_metrix_test'[0m
D, [2014-11-11T11:53:36.529013 #22196] DEBUG -- :   [1m[35m (66.0ms)[0m  TRUNCATE TABLE `sensors`;
D, [2014-11-11T11:53:36.530035 #22196] DEBUG -- :   [1m[36m (0.4ms)[0m  [1mSET FOREIGN_KEY_CHECKS = 1[0m
D, [2014-11-11T11:53:36.532598 #22196] DEBUG -- :   [1m[35m (0.4ms)[0m  BEGIN
D, [2014-11-11T11:53:36.534976 #22196] DEBUG -- :   [1m[36mSQL (0.6ms)[0m  [1mINSERT INTO `sensors` (`featured`, `name`) VALUES (1, 'Lake Karleyberg')[0m
D, [2014-11-11T11:53:36.578942 #22196] DEBUG -- :   [1m[35m (43.0ms)[0m  COMMIT
D, [2014-11-11T11:53:36.580992 #22196] DEBUG -- :   [1m[36m (0.4ms)[0m  [1mBEGIN[0m
D, [2014-11-11T11:53:36.583094 #22196] DEBUG -- :   [1m[35mSQL (0.6ms)[0m  INSERT INTO `sensors` (`featured`, `name`) VALUES (1, 'Lake Karleyberg')
D, [2014-11-11T11:53:36.620704 #22196] DEBUG -- :   [1m[36m (36.7ms)[0m  [1mCOMMIT[0m
D, [2014-11-11T11:53:36.622460 #22196] DEBUG -- :   [1m[35m (0.3ms)[0m  BEGIN
D, [2014-11-11T11:53:36.624746 #22196] DEBUG -- :   [1m[36mSQL (0.6ms)[0m  [1mINSERT INTO `sensors` (`featured`, `name`) VALUES (1, 'Lake Karleyberg')[0m
D, [2014-11-11T11:53:36.662461 #22196] DEBUG -- :   [1m[35m (37.0ms)[0m  COMMIT
D, [2014-11-11T11:53:36.664425 #22196] DEBUG -- :   [1m[36m (0.4ms)[0m  [1mBEGIN[0m
D, [2014-11-11T11:53:36.666666 #22196] DEBUG -- :   [1m[35mSQL (0.6ms)[0m  INSERT INTO `sensors` (`featured`, `name`) VALUES (1, 'Lake Karleyberg')
D, [2014-11-11T11:53:36.704258 #22196] DEBUG -- :   [1m[36m (36.8ms)[0m  [1mCOMMIT[0m
D, [2014-11-11T11:53:36.709074 #22196] DEBUG -- :   [1m[35mSensor Load (1.0ms)[0m  SELECT `sensors`.* FROM `sensors`   ORDER BY `sensors`.`featured` DESC
D, [2014-11-11T11:53:36.713152 #22196] DEBUG -- :   [1m[36mSensor Load (0.8ms)[0m  [1mSELECT `sensors`.* FROM `sensors`[0m
D, [2014-11-11T11:53:36.720549 #22196] DEBUG -- :   [1m[35m (0.6ms)[0m  SELECT @@FOREIGN_KEY_CHECKS
D, [2014-11-11T11:53:36.721632 #22196] DEBUG -- :   [1m[36m (0.5ms)[0m  [1mSET FOREIGN_KEY_CHECKS = 0[0m
D, [2014-11-11T11:53:36.813118 #22196] DEBUG -- :   [1m[35m (90.9ms)[0m  TRUNCATE TABLE `sensors`;
D, [2014-11-11T11:53:36.813978 #22196] DEBUG -- :   [1m[36m (0.4ms)[0m  [1mSET FOREIGN_KEY_CHECKS = 1[0m
D, [2014-11-11T11:55:15.217547 #22345] DEBUG -- :   [1m[36m (0.4ms)[0m  [1mBEGIN[0m
D, [2014-11-11T11:55:15.222161 #22345] DEBUG -- :   [1m[35mSQL (0.4ms)[0m  INSERT INTO `sensors` (`featured`, `name`) VALUES (1, 'Corwinville')
D, [2014-11-11T11:55:15.280769 #22345] DEBUG -- :   [1m[36m (58.1ms)[0m  [1mCOMMIT[0m
D, [2014-11-11T11:55:15.283806 #22345] DEBUG -- :   [1m[35mSensor Load (0.7ms)[0m  SELECT `sensors`.* FROM `sensors`
D, [2014-11-11T11:55:15.291415 #22345] DEBUG -- :   [1m[36m (0.4ms)[0m  [1mBEGIN[0m
D, [2014-11-11T11:55:15.314553 #22345] DEBUG -- :   [1m[35mSQL (22.3ms)[0m  DELETE FROM `sensors` WHERE `sensors`.`id` = 1
D, [2014-11-11T11:55:15.372574 #22345] DEBUG -- :   [1m[36m (57.4ms)[0m  [1mCOMMIT[0m
D, [2014-11-11T11:55:15.375069 #22345] DEBUG -- :   [1m[35mSensor Load (0.7ms)[0m  SELECT `sensors`.* FROM `sensors`
D, [2014-11-11T11:56:22.491486 #22430] DEBUG -- :   [1m[36m (0.1ms)[0m  [1mBEGIN[0m
D, [2014-11-11T11:56:22.495437 #22430] DEBUG -- :   [1m[35mSQL (0.7ms)[0m  INSERT INTO `sensors` (`featured`, `name`) VALUES (0, 'South Christopher')
D, [2014-11-11T11:56:22.565720 #22430] DEBUG -- :   [1m[36m (69.3ms)[0m  [1mCOMMIT[0m
D, [2014-11-11T11:56:22.615913 #22430] DEBUG -- :   [1m[35mSQL (47.9ms)[0m  DELETE FROM `sensors`
D, [2014-11-11T11:56:22.618142 #22430] DEBUG -- :   [1m[36mSQL (0.6ms)[0m  [1mDELETE FROM `sensors`[0m
D, [2014-11-11T11:56:37.452826 #22444] DEBUG -- :   [1m[36m (0.5ms)[0m  [1mBEGIN[0m
D, [2014-11-11T11:56:37.462022 #22444] DEBUG -- :   [1m[35mSQL (0.7ms)[0m  INSERT INTO `sensors` (`featured`, `name`) VALUES (0, 'Lake Gregoriofort')
D, [2014-11-11T11:56:37.522156 #22444] DEBUG -- :   [1m[36m (59.1ms)[0m  [1mCOMMIT[0m
D, [2014-11-11T11:57:07.619824 #22517] DEBUG -- :   [1m[36m (0.2ms)[0m  [1mBEGIN[0m
D, [2014-11-11T11:57:07.623906 #22517] DEBUG -- :   [1m[35mSQL (0.4ms)[0m  INSERT INTO `sensors` (`featured`, `name`) VALUES (1, 'Burnicebury')
D, [2014-11-11T11:57:07.710799 #22517] DEBUG -- :   [1m[36m (86.2ms)[0m  [1mCOMMIT[0m
D, [2014-11-11T11:57:07.713119 #22517] DEBUG -- :   [1m[35m (0.6ms)[0m  SELECT @@FOREIGN_KEY_CHECKS
D, [2014-11-11T11:57:07.716781 #22517] DEBUG -- :   [1m[36m (0.5ms)[0m  [1mSET FOREIGN_KEY_CHECKS = 0[0m
D, [2014-11-11T11:57:07.718848 #22517] DEBUG -- :   [1m[35m (0.5ms)[0m  SELECT DATABASE() as db
D, [2014-11-11T11:57:07.720950 #22517] DEBUG -- :   [1m[36m (1.4ms)[0m  [1mselect table_name from information_schema.views where table_schema = 'temp_metrix_test'[0m
D, [2014-11-11T11:57:07.761392 #22517] DEBUG -- :   [1m[35m (39.9ms)[0m  TRUNCATE TABLE `sensors`;
D, [2014-11-11T11:57:07.762273 #22517] DEBUG -- :   [1m[36m (0.4ms)[0m  [1mSET FOREIGN_KEY_CHECKS = 1[0m
D, [2014-11-11T11:57:07.764317 #22517] DEBUG -- :   [1m[35m (0.6ms)[0m  SELECT @@FOREIGN_KEY_CHECKS
D, [2014-11-11T11:57:07.765257 #22517] DEBUG -- :   [1m[36m (0.4ms)[0m  [1mSET FOREIGN_KEY_CHECKS = 0[0m
D, [2014-11-11T11:57:07.836600 #22517] DEBUG -- :   [1m[35m (70.8ms)[0m  TRUNCATE TABLE `sensors`;
D, [2014-11-11T11:57:07.837411 #22517] DEBUG -- :   [1m[36m (0.3ms)[0m  [1mSET FOREIGN_KEY_CHECKS = 1[0m
D, [2014-11-11T11:58:58.172944 #22628] DEBUG -- :   [1m[36m (0.2ms)[0m  [1mBEGIN[0m
D, [2014-11-11T11:58:58.176847 #22628] DEBUG -- :   [1m[35mSQL (0.3ms)[0m  INSERT INTO `sensors` (`featured`, `name`) VALUES (0, 'Port Benton')
D, [2014-11-11T11:58:58.280306 #22628] DEBUG -- :   [1m[36m (102.9ms)[0m  [1mCOMMIT[0m
D, [2014-11-11T11:58:58.424912 #22628] DEBUG -- :   [1m[35mSensor Load (0.5ms)[0m  SELECT `sensors`.* FROM `sensors`   ORDER BY `sensors`.`featured` DESC
D, [2014-11-11T11:58:58.488844 #22628] DEBUG -- :   [1m[36mSQL (57.5ms)[0m  [1mDELETE FROM `sensors`[0m
D, [2014-11-11T11:58:58.491742 #22628] DEBUG -- :   [1m[35m (0.2ms)[0m  BEGIN
D, [2014-11-11T11:58:58.493094 #22628] DEBUG -- :   [1m[36mSQL (0.3ms)[0m  [1mINSERT INTO `sensors` (`featured`, `name`) VALUES (0, 'Port Benton')[0m
D, [2014-11-11T11:58:58.538896 #22628] DEBUG -- :   [1m[35m (45.3ms)[0m  COMMIT
D, [2014-11-11T11:58:58.539796 #22628] DEBUG -- :   [1m[36m (0.2ms)[0m  [1mBEGIN[0m
D, [2014-11-11T11:58:58.540796 #22628] DEBUG -- :   [1m[35mSQL (0.3ms)[0m  INSERT INTO `sensors` (`featured`, `name`) VALUES (0, 'Port Benton')
D, [2014-11-11T11:58:58.580717 #22628] DEBUG -- :   [1m[36m (39.6ms)[0m  [1mCOMMIT[0m
D, [2014-11-11T11:58:58.581630 #22628] DEBUG -- :   [1m[35m (0.2ms)[0m  BEGIN
D, [2014-11-11T11:58:58.582609 #22628] DEBUG -- :   [1m[36mSQL (0.3ms)[0m  [1mINSERT INTO `sensors` (`featured`, `name`) VALUES (0, 'Port Benton')[0m
D, [2014-11-11T11:58:58.622480 #22628] DEBUG -- :   [1m[35m (39.5ms)[0m  COMMIT
D, [2014-11-11T11:58:58.624966 #22628] DEBUG -- :   [1m[36mSensor Load (0.6ms)[0m  [1mSELECT `sensors`.* FROM `sensors`   ORDER BY `sensors`.`featured` DESC[0m
D, [2014-11-11T11:58:58.698049 #22628] DEBUG -- :   [1m[35mSQL (48.0ms)[0m  DELETE FROM `sensors`
D, [2014-11-11T11:59:29.067213 #22683] DEBUG -- :   [1m[36m (0.3ms)[0m  [1mBEGIN[0m
D, [2014-11-11T11:59:29.071353 #22683] DEBUG -- :   [1m[35mSQL (0.6ms)[0m  INSERT INTO `sensors` (`featured`, `name`) VALUES (0, 'New Jabariland')
D, [2014-11-11T11:59:29.130749 #22683] DEBUG -- :   [1m[36m (58.9ms)[0m  [1mCOMMIT[0m
D, [2014-11-11T11:59:29.221706 #22683] DEBUG -- :   [1m[35mSensor Load (0.6ms)[0m  SELECT `sensors`.* FROM `sensors`   ORDER BY `sensors`.`featured` DESC
D, [2014-11-11T11:59:29.264742 #22683] DEBUG -- :   [1m[36mSQL (36.5ms)[0m  [1mDELETE FROM `sensors`[0m
D, [2014-11-11T11:59:29.271066 #22683] DEBUG -- :   [1m[35m (0.3ms)[0m  BEGIN
D, [2014-11-11T11:59:29.272449 #22683] DEBUG -- :   [1m[36mSQL (0.3ms)[0m  [1mINSERT INTO `sensors` (`featured`, `name`) VALUES (0, 'New Jabariland')[0m
D, [2014-11-11T11:59:29.314228 #22683] DEBUG -- :   [1m[35m (41.4ms)[0m  COMMIT
D, [2014-11-11T11:59:29.315282 #22683] DEBUG -- :   [1m[36m (0.3ms)[0m  [1mBEGIN[0m
D, [2014-11-11T11:59:29.316647 #22683] DEBUG -- :   [1m[35mSQL (0.5ms)[0m  INSERT INTO `sensors` (`featured`, `name`) VALUES (0, 'New Jabariland')
D, [2014-11-11T11:59:29.356290 #22683] DEBUG -- :   [1m[36m (39.2ms)[0m  [1mCOMMIT[0m
D, [2014-11-11T11:59:29.358293 #22683] DEBUG -- :   [1m[35m (0.4ms)[0m  BEGIN
D, [2014-11-11T11:59:29.360697 #22683] DEBUG -- :   [1m[36mSQL (0.6ms)[0m  [1mINSERT INTO `sensors` (`featured`, `name`) VALUES (0, 'New Jabariland')[0m
D, [2014-11-11T11:59:29.397993 #22683] DEBUG -- :   [1m[35m (36.5ms)[0m  COMMIT
D, [2014-11-11T11:59:29.403293 #22683] DEBUG -- :   [1m[36mSensor Load (0.9ms)[0m  [1mSELECT `sensors`.* FROM `sensors`   ORDER BY `sensors`.`featured` DESC[0m
D, [2014-11-11T11:59:29.448153 #22683] DEBUG -- :   [1m[35mSQL (36.3ms)[0m  DELETE FROM `sensors`
D, [2014-11-11T11:59:42.341496 #22706] DEBUG -- :   [1m[36m (0.2ms)[0m  [1mBEGIN[0m
D, [2014-11-11T11:59:42.345352 #22706] DEBUG -- :   [1m[35mSQL (0.4ms)[0m  INSERT INTO `sensors` (`featured`, `name`) VALUES (0, 'Annamarieport')
D, [2014-11-11T11:59:42.430183 #22706] DEBUG -- :   [1m[36m (84.3ms)[0m  [1mCOMMIT[0m
D, [2014-11-11T11:59:42.488506 #22706] DEBUG -- :   [1m[35mSQL (56.4ms)[0m  DELETE FROM `sensors`
D, [2014-11-11T11:59:42.490680 #22706] DEBUG -- :   [1m[36mSQL (0.5ms)[0m  [1mDELETE FROM `sensors`[0m
D, [2014-11-11T12:00:14.102196 #22905] DEBUG -- :   [1m[36m (0.2ms)[0m  [1mBEGIN[0m
D, [2014-11-11T12:00:14.106198 #22905] DEBUG -- :   [1m[35mSQL (0.4ms)[0m  INSERT INTO `sensors` (`featured`, `name`) VALUES (0, 'Evaview')
D, [2014-11-11T12:00:14.219621 #22905] DEBUG -- :   [1m[36m (112.9ms)[0m  [1mCOMMIT[0m
D, [2014-11-11T12:00:14.320247 #22905] DEBUG -- :   [1m[35mSQL (99.6ms)[0m  DELETE FROM `sensors`
D, [2014-11-11T12:00:14.428018 #22905] DEBUG -- :   [1m[36mSensor Load (0.4ms)[0m  [1mSELECT `sensors`.* FROM `sensors`   ORDER BY `sensors`.`featured` DESC[0m
D, [2014-11-11T12:00:14.433648 #22905] DEBUG -- :   [1m[35mSQL (0.3ms)[0m  DELETE FROM `sensors`
D, [2014-11-11T12:00:14.435666 #22905] DEBUG -- :   [1m[36m (0.1ms)[0m  [1mBEGIN[0m
D, [2014-11-11T12:00:14.436811 #22905] DEBUG -- :   [1m[35mSQL (0.3ms)[0m  INSERT INTO `sensors` (`featured`, `name`) VALUES (0, 'Evaview')
D, [2014-11-11T12:00:14.521068 #22905] DEBUG -- :   [1m[36m (83.9ms)[0m  [1mCOMMIT[0m
D, [2014-11-11T12:00:14.522248 #22905] DEBUG -- :   [1m[35m (0.3ms)[0m  BEGIN
D, [2014-11-11T12:00:14.523527 #22905] DEBUG -- :   [1m[36mSQL (0.4ms)[0m  [1mINSERT INTO `sensors` (`featured`, `name`) VALUES (0, 'Evaview')[0m
D, [2014-11-11T12:00:14.562671 #22905] DEBUG -- :   [1m[35m (38.6ms)[0m  COMMIT
D, [2014-11-11T12:00:14.563565 #22905] DEBUG -- :   [1m[36m (0.2ms)[0m  [1mBEGIN[0m
D, [2014-11-11T12:00:14.564590 #22905] DEBUG -- :   [1m[35mSQL (0.3ms)[0m  INSERT INTO `sensors` (`featured`, `name`) VALUES (0, 'Evaview')
D, [2014-11-11T12:00:14.621303 #22905] DEBUG -- :   [1m[36m (56.3ms)[0m  [1mCOMMIT[0m
D, [2014-11-11T12:00:14.623886 #22905] DEBUG -- :   [1m[35mSensor Load (0.5ms)[0m  SELECT `sensors`.* FROM `sensors`   ORDER BY `sensors`.`featured` DESC
D, [2014-11-11T12:00:40.995586 #22937] DEBUG -- :   [1m[36m (0.4ms)[0m  [1mBEGIN[0m
D, [2014-11-11T12:00:40.999078 #22937] DEBUG -- :   [1m[35mSQL (0.7ms)[0m  INSERT INTO `sensors` (`featured`, `name`) VALUES (1, 'New Jarrellfort')
D, [2014-11-11T12:00:41.047187 #22937] DEBUG -- :   [1m[36m (47.4ms)[0m  [1mCOMMIT[0m
D, [2014-11-11T12:00:41.088940 #22937] DEBUG -- :   [1m[35mSQL (39.8ms)[0m  DELETE FROM `sensors`
D, [2014-11-11T12:00:41.159606 #22937] DEBUG -- :   [1m[36mSensor Load (0.7ms)[0m  [1mSELECT `sensors`.* FROM `sensors`   ORDER BY `sensors`.`featured` DESC[0m
D, [2014-11-11T12:00:41.164041 #22937] DEBUG -- :   [1m[35mSQL (0.4ms)[0m  DELETE FROM `sensors`
D, [2014-11-11T12:00:41.165879 #22937] DEBUG -- :   [1m[36m (0.3ms)[0m  [1mBEGIN[0m
D, [2014-11-11T12:00:41.167298 #22937] DEBUG -- :   [1m[35mSQL (0.5ms)[0m  INSERT INTO `sensors` (`featured`, `name`) VALUES (1, 'New Jarrellfort')
D, [2014-11-11T12:00:41.205491 #22937] DEBUG -- :   [1m[36m (37.8ms)[0m  [1mCOMMIT[0m
D, [2014-11-11T12:00:41.206412 #22937] DEBUG -- :   [1m[35m (0.3ms)[0m  BEGIN
D, [2014-11-11T12:00:41.207610 #22937] DEBUG -- :   [1m[36mSQL (0.5ms)[0m  [1mINSERT INTO `sensors` (`featured`, `name`) VALUES (1, 'New Jarrellfort')[0m
D, [2014-11-11T12:00:41.247307 #22937] DEBUG -- :   [1m[35m (39.4ms)[0m  COMMIT
D, [2014-11-11T12:00:41.248248 #22937] DEBUG -- :   [1m[36m (0.3ms)[0m  [1mBEGIN[0m
D, [2014-11-11T12:00:41.250392 #22937] DEBUG -- :   [1m[35mSQL (0.6ms)[0m  INSERT INTO `sensors` (`featured`, `name`) VALUES (1, 'New Jarrellfort')
D, [2014-11-11T12:00:41.289256 #22937] DEBUG -- :   [1m[36m (38.1ms)[0m  [1mCOMMIT[0m
D, [2014-11-11T12:00:41.293712 #22937] DEBUG -- :   [1m[35mSensor Load (0.9ms)[0m  SELECT `sensors`.* FROM `sensors`   ORDER BY `sensors`.`featured` DESC
D, [2014-11-11T12:00:41.302174 #22937] DEBUG -- :   [1m[36mSensor Load (0.8ms)[0m  [1mSELECT `sensors`.* FROM `sensors`[0m
D, [2014-11-11T12:01:25.280705 #23005] DEBUG -- :   [1m[36m (0.3ms)[0m  [1mBEGIN[0m
D, [2014-11-11T12:01:25.288968 #23005] DEBUG -- :   [1m[35mSQL (0.3ms)[0m  INSERT INTO `sensors` (`featured`, `name`) VALUES (0, 'Jadaport')
D, [2014-11-11T12:01:25.349664 #23005] DEBUG -- :   [1m[36m (60.3ms)[0m  [1mCOMMIT[0m
D, [2014-11-11T12:01:25.400008 #23005] DEBUG -- :   [1m[35mSQL (49.4ms)[0m  DELETE FROM `sensors`
D, [2014-11-11T12:01:25.477192 #23005] DEBUG -- :   [1m[36mSensor Load (0.7ms)[0m  [1mSELECT `sensors`.* FROM `sensors`   ORDER BY `sensors`.`featured` DESC[0m
D, [2014-11-11T12:01:25.482014 #23005] DEBUG -- :   [1m[35mSQL (0.4ms)[0m  DELETE FROM `sensors`
D, [2014-11-11T12:01:25.483948 #23005] DEBUG -- :   [1m[36m (0.3ms)[0m  [1mBEGIN[0m
D, [2014-11-11T12:01:25.485229 #23005] DEBUG -- :   [1m[35mSQL (0.5ms)[0m  INSERT INTO `sensors` (`featured`, `name`) VALUES (0, 'Jadaport')
D, [2014-11-11T12:01:25.533436 #23005] DEBUG -- :   [1m[36m (47.7ms)[0m  [1mCOMMIT[0m
D, [2014-11-11T12:01:25.535728 #23005] DEBUG -- :   [1m[35m (0.5ms)[0m  BEGIN
D, [2014-11-11T12:01:25.538057 #23005] DEBUG -- :   [1m[36mSQL (0.7ms)[0m  [1mINSERT INTO `sensors` (`featured`, `name`) VALUES (0, 'Jadaport')[0m
D, [2014-11-11T12:01:25.575250 #23005] DEBUG -- :   [1m[35m (36.4ms)[0m  COMMIT
D, [2014-11-11T12:01:25.577165 #23005] DEBUG -- :   [1m[36m (0.5ms)[0m  [1mBEGIN[0m
D, [2014-11-11T12:01:25.579352 #23005] DEBUG -- :   [1m[35mSQL (0.7ms)[0m  INSERT INTO `sensors` (`featured`, `name`) VALUES (0, 'Jadaport')
D, [2014-11-11T12:01:25.616980 #23005] DEBUG -- :   [1m[36m (36.9ms)[0m  [1mCOMMIT[0m
D, [2014-11-11T12:01:25.621496 #23005] DEBUG -- :   [1m[35mSensor Load (0.8ms)[0m  SELECT `sensors`.* FROM `sensors`   ORDER BY `sensors`.`featured` DESC
D, [2014-11-11T12:01:25.627321 #23005] DEBUG -- :   [1m[36mSensor Load (0.8ms)[0m  [1mSELECT `sensors`.* FROM `sensors`[0m
D, [2014-11-11T12:01:37.146090 #23018] DEBUG -- :   [1m[36m (0.3ms)[0m  [1mBEGIN[0m
D, [2014-11-11T12:01:37.156492 #23018] DEBUG -- :   [1m[35mSQL (0.5ms)[0m  INSERT INTO `sensors` (`featured`, `name`) VALUES (1, 'South Oran')
D, [2014-11-11T12:01:37.202549 #23018] DEBUG -- :   [1m[36m (45.5ms)[0m  [1mCOMMIT[0m
D, [2014-11-11T12:01:37.244331 #23018] DEBUG -- :   [1m[35mSQL (39.4ms)[0m  DELETE FROM `sensors`
D, [2014-11-11T12:01:37.321696 #23018] DEBUG -- :   [1m[36mSensor Load (0.7ms)[0m  [1mSELECT `sensors`.* FROM `sensors`   ORDER BY `sensors`.`featured` DESC[0m
D, [2014-11-11T12:01:37.334572 #23018] DEBUG -- :   [1m[35mSQL (0.5ms)[0m  DELETE FROM `sensors`
D, [2014-11-11T12:01:37.339901 #23018] DEBUG -- :   [1m[36m (0.4ms)[0m  [1mBEGIN[0m
D, [2014-11-11T12:01:37.342769 #23018] DEBUG -- :   [1m[35mSQL (0.7ms)[0m  INSERT INTO `sensors` (`featured`, `name`) VALUES (1, 'South Oran')
D, [2014-11-11T12:01:37.386143 #23018] DEBUG -- :   [1m[36m (42.5ms)[0m  [1mCOMMIT[0m
D, [2014-11-11T12:01:37.388048 #23018] DEBUG -- :   [1m[35m (0.3ms)[0m  BEGIN
D, [2014-11-11T12:01:37.390446 #23018] DEBUG -- :   [1m[36mSQL (0.6ms)[0m  [1mINSERT INTO `sensors` (`featured`, `name`) VALUES (1, 'South Oran')[0m
D, [2014-11-11T12:01:37.427934 #23018] DEBUG -- :   [1m[35m (36.8ms)[0m  COMMIT
D, [2014-11-11T12:01:37.429851 #23018] DEBUG -- :   [1m[36m (0.4ms)[0m  [1mBEGIN[0m
D, [2014-11-11T12:01:37.432388 #23018] DEBUG -- :   [1m[35mSQL (0.6ms)[0m  INSERT INTO `sensors` (`featured`, `name`) VALUES (1, 'South Oran')
D, [2014-11-11T12:01:37.469707 #23018] DEBUG -- :   [1m[36m (36.6ms)[0m  [1mCOMMIT[0m
D, [2014-11-11T12:01:37.474414 #23018] DEBUG -- :   [1m[35mSensor Load (0.9ms)[0m  SELECT `sensors`.* FROM `sensors`   ORDER BY `sensors`.`featured` DESC
D, [2014-11-11T12:01:37.485559 #23018] DEBUG -- :   [1m[36mSensor Load (0.8ms)[0m  [1mSELECT `sensors`.* FROM `sensors`[0m
D, [2014-11-11T12:02:00.505350 #23033] DEBUG -- :   [1m[36m (0.2ms)[0m  [1mBEGIN[0m
D, [2014-11-11T12:02:00.509045 #23033] DEBUG -- :   [1m[35mSQL (0.7ms)[0m  INSERT INTO `sensors` (`featured`, `name`) VALUES (0, 'Codychester')
D, [2014-11-11T12:02:00.566062 #23033] DEBUG -- :   [1m[36m (55.9ms)[0m  [1mCOMMIT[0m
D, [2014-11-11T12:02:00.616091 #23033] DEBUG -- :   [1m[35mSQL (47.8ms)[0m  DELETE FROM `sensors`
D, [2014-11-11T12:02:00.684367 #23033] DEBUG -- :   [1m[36mSensor Load (0.6ms)[0m  [1mSELECT `sensors`.* FROM `sensors`   ORDER BY `sensors`.`featured` DESC[0m
D, [2014-11-11T12:02:00.688821 #23033] DEBUG -- :   [1m[35mSQL (0.5ms)[0m  DELETE FROM `sensors`
D, [2014-11-11T12:02:00.690683 #23033] DEBUG -- :   [1m[36m (0.3ms)[0m  [1mBEGIN[0m
D, [2014-11-11T12:02:00.691995 #23033] DEBUG -- :   [1m[35mSQL (0.5ms)[0m  INSERT INTO `sensors` (`featured`, `name`) VALUES (0, 'Codychester')
D, [2014-11-11T12:02:00.741209 #23033] DEBUG -- :   [1m[36m (48.7ms)[0m  [1mCOMMIT[0m
D, [2014-11-11T12:02:00.743093 #23033] DEBUG -- :   [1m[35m (0.4ms)[0m  BEGIN
D, [2014-11-11T12:02:00.745303 #23033] DEBUG -- :   [1m[36mSQL (0.7ms)[0m  [1mINSERT INTO `sensors` (`featured`, `name`) VALUES (0, 'Codychester')[0m
D, [2014-11-11T12:02:00.791356 #23033] DEBUG -- :   [1m[35m (45.2ms)[0m  COMMIT
D, [2014-11-11T12:02:00.793112 #23033] DEBUG -- :   [1m[36m (0.4ms)[0m  [1mBEGIN[0m
D, [2014-11-11T12:02:00.795268 #23033] DEBUG -- :   [1m[35mSQL (0.6ms)[0m  INSERT INTO `sensors` (`featured`, `name`) VALUES (0, 'Codychester')
D, [2014-11-11T12:02:00.833263 #23033] DEBUG -- :   [1m[36m (37.3ms)[0m  [1mCOMMIT[0m
D, [2014-11-11T12:02:00.838101 #23033] DEBUG -- :   [1m[35mSensor Load (1.1ms)[0m  SELECT `sensors`.* FROM `sensors`   ORDER BY `sensors`.`featured` DESC
D, [2014-11-11T12:02:00.848033 #23033] DEBUG -- :   [1m[36mSensor Load (0.9ms)[0m  [1mSELECT `sensors`.* FROM `sensors`[0m
D, [2014-11-11T12:03:39.880439 #23205] DEBUG -- :   [1m[36m (0.5ms)[0m  [1mBEGIN[0m
D, [2014-11-11T12:03:39.890568 #23205] DEBUG -- :   [1m[35mSQL (0.7ms)[0m  INSERT INTO `sensors` (`featured`, `name`) VALUES (1, 'New Arely')
D, [2014-11-11T12:03:39.951952 #23205] DEBUG -- :   [1m[36m (60.3ms)[0m  [1mCOMMIT[0m
D, [2014-11-11T12:03:40.002017 #23205] DEBUG -- :   [1m[35mSQL (48.2ms)[0m  DELETE FROM `sensors`
D, [2014-11-11T12:03:40.086785 #23205] DEBUG -- :   [1m[36mSensor Load (0.6ms)[0m  [1mSELECT `sensors`.* FROM `sensors`   ORDER BY `sensors`.`featured` DESC[0m
D, [2014-11-11T12:03:40.091474 #23205] DEBUG -- :   [1m[35mSQL (0.5ms)[0m  DELETE FROM `sensors`
D, [2014-11-11T12:03:40.093443 #23205] DEBUG -- :   [1m[36m (0.3ms)[0m  [1mBEGIN[0m
D, [2014-11-11T12:03:40.094754 #23205] DEBUG -- :   [1m[35mSQL (0.5ms)[0m  INSERT INTO `sensors` (`featured`, `name`) VALUES (1, 'New Arely')
D, [2014-11-11T12:03:40.143860 #23205] DEBUG -- :   [1m[36m (48.6ms)[0m  [1mCOMMIT[0m
D, [2014-11-11T12:03:40.145770 #23205] DEBUG -- :   [1m[35m (0.4ms)[0m  BEGIN
D, [2014-11-11T12:03:40.147922 #23205] DEBUG -- :   [1m[36mSQL (0.7ms)[0m  [1mINSERT INTO `sensors` (`featured`, `name`) VALUES (1, 'New Arely')[0m
D, [2014-11-11T12:03:40.193970 #23205] DEBUG -- :   [1m[35m (45.3ms)[0m  COMMIT
D, [2014-11-11T12:03:40.195750 #23205] DEBUG -- :   [1m[36m (0.3ms)[0m  [1mBEGIN[0m
D, [2014-11-11T12:03:40.197975 #23205] DEBUG -- :   [1m[35mSQL (0.6ms)[0m  INSERT INTO `sensors` (`featured`, `name`) VALUES (1, 'New Arely')
D, [2014-11-11T12:03:40.244076 #23205] DEBUG -- :   [1m[36m (45.3ms)[0m  [1mCOMMIT[0m
D, [2014-11-11T12:03:40.248760 #23205] DEBUG -- :   [1m[35mSensor Load (0.9ms)[0m  SELECT `sensors`.* FROM `sensors`   ORDER BY `sensors`.`featured` DESC
D, [2014-11-11T12:03:40.254009 #23205] DEBUG -- :   [1m[36mSensor Load (0.6ms)[0m  [1mSELECT `sensors`.* FROM `sensors`[0m
D, [2014-11-11T12:03:40.302391 #23205] DEBUG -- :   [1m[35mSQL (45.4ms)[0m  DELETE FROM `sensors`
D, [2014-11-11T12:03:40.306609 #23205] DEBUG -- :   [1m[36m (0.4ms)[0m  [1mBEGIN[0m
D, [2014-11-11T12:03:40.309101 #23205] DEBUG -- :   [1m[35mSQL (0.6ms)[0m  INSERT INTO `sensors` (`featured`, `name`) VALUES (1, 'New Arely')
D, [2014-11-11T12:03:40.361118 #23205] DEBUG -- :   [1m[36m (51.2ms)[0m  [1mCOMMIT[0m
D, [2014-11-11T12:03:40.366388 #23205] DEBUG -- :   [1m[35mSensor Load (0.9ms)[0m  SELECT `sensors`.* FROM `sensors`   ORDER BY `sensors`.`featured` DESC
D, [2014-11-11T12:04:22.717727 #23272] DEBUG -- :   [1m[36m (0.5ms)[0m  [1mBEGIN[0m
D, [2014-11-11T12:04:22.728346 #23272] DEBUG -- :   [1m[35mSQL (0.7ms)[0m  INSERT INTO `sensors` (`featured`, `name`) VALUES (0, 'Port Annamarie')
D, [2014-11-11T12:04:22.801337 #23272] DEBUG -- :   [1m[36m (72.1ms)[0m  [1mCOMMIT[0m
D, [2014-11-11T12:04:22.851491 #23272] DEBUG -- :   [1m[35mSQL (48.3ms)[0m  DELETE FROM `sensors`
D, [2014-11-11T12:04:22.930373 #23272] DEBUG -- :   [1m[36mSensor Load (0.7ms)[0m  [1mSELECT `sensors`.* FROM `sensors`   ORDER BY `sensors`.`featured` DESC[0m
D, [2014-11-11T12:04:22.935272 #23272] DEBUG -- :   [1m[35mSQL (0.6ms)[0m  DELETE FROM `sensors`
D, [2014-11-11T12:04:22.937172 #23272] DEBUG -- :   [1m[36m (0.3ms)[0m  [1mBEGIN[0m
D, [2014-11-11T12:04:22.938499 #23272] DEBUG -- :   [1m[35mSQL (0.5ms)[0m  INSERT INTO `sensors` (`featured`, `name`) VALUES (0, 'Port Annamarie')
D, [2014-11-11T12:04:22.984730 #23272] DEBUG -- :   [1m[36m (45.9ms)[0m  [1mCOMMIT[0m
D, [2014-11-11T12:04:22.985768 #23272] DEBUG -- :   [1m[35m (0.4ms)[0m  BEGIN
D, [2014-11-11T12:04:22.986926 #23272] DEBUG -- :   [1m[36mSQL (0.4ms)[0m  [1mINSERT INTO `sensors` (`featured`, `name`) VALUES (0, 'Port Annamarie')[0m
D, [2014-11-11T12:04:23.026698 #23272] DEBUG -- :   [1m[35m (38.9ms)[0m  COMMIT
D, [2014-11-11T12:04:23.028456 #23272] DEBUG -- :   [1m[36m (0.3ms)[0m  [1mBEGIN[0m
D, [2014-11-11T12:04:23.030907 #23272] DEBUG -- :   [1m[35mSQL (0.8ms)[0m  INSERT INTO `sensors` (`featured`, `name`) VALUES (0, 'Port Annamarie')
D, [2014-11-11T12:04:23.068302 #23272] DEBUG -- :   [1m[36m (36.7ms)[0m  [1mCOMMIT[0m
D, [2014-11-11T12:04:23.070727 #23272] DEBUG -- :   [1m[35mSensor Load (1.0ms)[0m  SELECT `sensors`.* FROM `sensors`   ORDER BY `sensors`.`featured` DESC
D, [2014-11-11T12:04:23.079445 #23272] DEBUG -- :   [1m[36mSensor Load (0.6ms)[0m  [1mSELECT `sensors`.* FROM `sensors`[0m
D, [2014-11-11T12:04:23.127291 #23272] DEBUG -- :   [1m[35mSQL (38.9ms)[0m  DELETE FROM `sensors`
D, [2014-11-11T12:04:23.132448 #23272] DEBUG -- :   [1m[36m (0.4ms)[0m  [1mBEGIN[0m
D, [2014-11-11T12:04:23.134936 #23272] DEBUG -- :   [1m[35mSQL (0.6ms)[0m  INSERT INTO `sensors` (`featured`, `name`) VALUES (0, 'Port Annamarie')
D, [2014-11-11T12:04:23.177077 #23272] DEBUG -- :   [1m[36m (41.3ms)[0m  [1mCOMMIT[0m
D, [2014-11-11T12:04:23.181883 #23272] DEBUG -- :   [1m[35mSensor Load (0.9ms)[0m  SELECT `sensors`.* FROM `sensors`   ORDER BY `sensors`.`featured` DESC
D, [2014-11-11T12:05:35.934104 #23393] DEBUG -- :   [1m[36m (0.4ms)[0m  [1mBEGIN[0m
D, [2014-11-11T12:05:35.943222 #23393] DEBUG -- :   [1m[35mSQL (0.7ms)[0m  INSERT INTO `sensors` (`featured`, `name`) VALUES (0, 'New Arjun')
D, [2014-11-11T12:05:36.021265 #23393] DEBUG -- :   [1m[36m (77.0ms)[0m  [1mCOMMIT[0m
D, [2014-11-11T12:05:36.071357 #23393] DEBUG -- :   [1m[35mSQL (48.2ms)[0m  DELETE FROM `sensors`
D, [2014-11-11T12:05:36.154170 #23393] DEBUG -- :   [1m[36mSensor Load (0.6ms)[0m  [1mSELECT `sensors`.* FROM `sensors`   ORDER BY `sensors`.`featured` DESC[0m
D, [2014-11-11T12:05:36.158694 #23393] DEBUG -- :   [1m[35mSQL (0.4ms)[0m  DELETE FROM `sensors`
D, [2014-11-11T12:05:36.160801 #23393] DEBUG -- :   [1m[36m (0.4ms)[0m  [1mBEGIN[0m
D, [2014-11-11T12:05:36.162283 #23393] DEBUG -- :   [1m[35mSQL (0.5ms)[0m  INSERT INTO `sensors` (`featured`, `name`) VALUES (0, 'New Arjun')
D, [2014-11-11T12:05:36.213174 #23393] DEBUG -- :   [1m[36m (50.3ms)[0m  [1mCOMMIT[0m
D, [2014-11-11T12:05:36.214896 #23393] DEBUG -- :   [1m[35m (0.4ms)[0m  BEGIN
D, [2014-11-11T12:05:36.216996 #23393] DEBUG -- :   [1m[36mSQL (0.6ms)[0m  [1mINSERT INTO `sensors` (`featured`, `name`) VALUES (0, 'New Arjun')[0m
D, [2014-11-11T12:05:36.263287 #23393] DEBUG -- :   [1m[35m (45.5ms)[0m  COMMIT
D, [2014-11-11T12:05:36.265019 #23393] DEBUG -- :   [1m[36m (0.3ms)[0m  [1mBEGIN[0m
D, [2014-11-11T12:05:36.267219 #23393] DEBUG -- :   [1m[35mSQL (0.6ms)[0m  INSERT INTO `sensors` (`featured`, `name`) VALUES (0, 'New Arjun')
D, [2014-11-11T12:05:36.313388 #23393] DEBUG -- :   [1m[36m (45.5ms)[0m  [1mCOMMIT[0m
D, [2014-11-11T12:05:36.319448 #23393] DEBUG -- :   [1m[35mSensor Load (1.0ms)[0m  SELECT `sensors`.* FROM `sensors`   ORDER BY `sensors`.`featured` DESC
D, [2014-11-11T12:05:36.328454 #23393] DEBUG -- :   [1m[36mSensor Load (0.6ms)[0m  [1mSELECT `sensors`.* FROM `sensors`[0m
D, [2014-11-11T12:05:36.379975 #23393] DEBUG -- :   [1m[35mSQL (48.4ms)[0m  DELETE FROM `sensors`
D, [2014-11-11T12:05:36.382513 #23393] DEBUG -- :   [1m[36m (0.4ms)[0m  [1mBEGIN[0m
D, [2014-11-11T12:05:36.385192 #23393] DEBUG -- :   [1m[35mSQL (0.6ms)[0m  INSERT INTO `sensors` (`featured`, `name`) VALUES (0, 'New Arjun')
D, [2014-11-11T12:05:36.438701 #23393] DEBUG -- :   [1m[36m (52.7ms)[0m  [1mCOMMIT[0m
D, [2014-11-11T12:05:36.484939 #23393] DEBUG -- :   [1m[35mSensor Load (0.8ms)[0m  SELECT  `sensors`.* FROM `sensors`  WHERE `sensors`.`id` = 44  ORDER BY `sensors`.`id` ASC LIMIT 1
D, [2014-11-11T12:07:39.813616 #23567] DEBUG -- :   [1m[36m (0.4ms)[0m  [1mBEGIN[0m
D, [2014-11-11T12:07:39.817951 #23567] DEBUG -- :   [1m[35mSQL (0.5ms)[0m  INSERT INTO `sensors` (`featured`, `name`) VALUES (0, 'West Earlinechester')
D, [2014-11-11T12:07:39.892455 #23567] DEBUG -- :   [1m[36m (73.9ms)[0m  [1mCOMMIT[0m
D, [2014-11-11T12:07:39.942525 #23567] DEBUG -- :   [1m[35mSQL (48.1ms)[0m  DELETE FROM `sensors`
D, [2014-11-11T12:07:40.018194 #23567] DEBUG -- :   [1m[36mSensor Load (0.4ms)[0m  [1mSELECT `sensors`.* FROM `sensors`   ORDER BY `sensors`.`featured` DESC[0m
D, [2014-11-11T12:07:40.022606 #23567] DEBUG -- :   [1m[35mSQL (0.3ms)[0m  DELETE FROM `sensors`
D, [2014-11-11T12:07:40.024480 #23567] DEBUG -- :   [1m[36m (0.2ms)[0m  [1mBEGIN[0m
D, [2014-11-11T12:07:40.025576 #23567] DEBUG -- :   [1m[35mSQL (0.3ms)[0m  INSERT INTO `sensors` (`featured`, `name`) VALUES (0, 'West Earlinechester')
D, [2014-11-11T12:07:40.076028 #23567] DEBUG -- :   [1m[36m (50.0ms)[0m  [1mCOMMIT[0m
D, [2014-11-11T12:07:40.077849 #23567] DEBUG -- :   [1m[35m (0.4ms)[0m  BEGIN
D, [2014-11-11T12:07:40.080403 #23567] DEBUG -- :   [1m[36mSQL (0.9ms)[0m  [1mINSERT INTO `sensors` (`featured`, `name`) VALUES (0, 'West Earlinechester')[0m
D, [2014-11-11T12:07:40.125946 #23567] DEBUG -- :   [1m[35m (44.9ms)[0m  COMMIT
D, [2014-11-11T12:07:40.126857 #23567] DEBUG -- :   [1m[36m (0.3ms)[0m  [1mBEGIN[0m
D, [2014-11-11T12:07:40.128105 #23567] DEBUG -- :   [1m[35mSQL (0.5ms)[0m  INSERT INTO `sensors` (`featured`, `name`) VALUES (0, 'West Earlinechester')
D, [2014-11-11T12:07:40.176216 #23567] DEBUG -- :   [1m[36m (47.4ms)[0m  [1mCOMMIT[0m
D, [2014-11-11T12:07:40.180896 #23567] DEBUG -- :   [1m[35mSensor Load (0.8ms)[0m  SELECT `sensors`.* FROM `sensors`   ORDER BY `sensors`.`featured` DESC
D, [2014-11-11T12:07:40.189358 #23567] DEBUG -- :   [1m[36mSensor Load (0.6ms)[0m  [1mSELECT `sensors`.* FROM `sensors`[0m
D, [2014-11-11T12:07:40.243074 #23567] DEBUG -- :   [1m[35mSQL (45.5ms)[0m  DELETE FROM `sensors`
D, [2014-11-11T12:07:40.248274 #23567] DEBUG -- :   [1m[36m (0.4ms)[0m  [1mBEGIN[0m
D, [2014-11-11T12:07:40.250710 #23567] DEBUG -- :   [1m[35mSQL (0.6ms)[0m  INSERT INTO `sensors` (`featured`, `name`) VALUES (0, 'West Earlinechester')
D, [2014-11-11T12:07:40.301496 #23567] DEBUG -- :   [1m[36m (49.9ms)[0m  [1mCOMMIT[0m
D, [2014-11-11T12:07:40.314541 #23567] DEBUG -- :   [1m[35mSensor Load (0.6ms)[0m  SELECT  `sensors`.* FROM `sensors`  WHERE `sensors`.`id` = 49  ORDER BY `sensors`.`id` ASC LIMIT 1
D, [2014-11-11T12:07:40.368280 #23567] DEBUG -- :   [1m[36mSQL (50.8ms)[0m  [1mDELETE FROM `sensors`[0m
D, [2014-11-11T12:07:40.373538 #23567] DEBUG -- :   [1m[35m (0.3ms)[0m  BEGIN
D, [2014-11-11T12:07:40.375917 #23567] DEBUG -- :   [1m[36mSQL (0.4ms)[0m  [1mINSERT INTO `sensors` (`featured`, `name`) VALUES (0, 'West Earlinechester')[0m
D, [2014-11-11T12:07:40.426762 #23567] DEBUG -- :   [1m[35m (50.1ms)[0m  COMMIT
D, [2014-11-11T12:07:40.462508 #23567] DEBUG -- :   [1m[36mSensor Load (0.6ms)[0m  [1mSELECT  `sensors`.* FROM `sensors`  WHERE `sensors`.`id` = 50 LIMIT 1[0m
D, [2014-11-11T12:07:40.464146 #23567] DEBUG -- :   [1m[35m (0.3ms)[0m  BEGIN
D, [2014-11-11T12:07:40.487594 #23567] DEBUG -- :   [1m[36mSQL (20.0ms)[0m  [1mUPDATE `sensors` SET `name` = 'New_name' WHERE `sensors`.`id` = 50[0m
D, [2014-11-11T12:07:40.551933 #23567] DEBUG -- :   [1m[35m (63.9ms)[0m  COMMIT
D, [2014-11-11T12:07:40.557597 #23567] DEBUG -- :   [1m[36mSensor Load (0.9ms)[0m  [1mSELECT  `sensors`.* FROM `sensors`  WHERE `sensors`.`id` = 50 LIMIT 1[0m
D, [2014-11-11T12:08:17.955761 #23642] DEBUG -- :   [1m[36m (0.4ms)[0m  [1mBEGIN[0m
D, [2014-11-11T12:08:17.965293 #23642] DEBUG -- :   [1m[35mSQL (0.5ms)[0m  INSERT INTO `sensors` (`featured`, `name`) VALUES (0, 'Anaisland')
D, [2014-11-11T12:08:18.046699 #23642] DEBUG -- :   [1m[36m (80.3ms)[0m  [1mCOMMIT[0m
D, [2014-11-11T12:08:18.088664 #23642] DEBUG -- :   [1m[35mSQL (39.8ms)[0m  DELETE FROM `sensors`
D, [2014-11-11T12:08:18.167314 #23642] DEBUG -- :   [1m[36mSensor Load (0.7ms)[0m  [1mSELECT `sensors`.* FROM `sensors`   ORDER BY `sensors`.`featured` DESC[0m
D, [2014-11-11T12:08:18.171984 #23642] DEBUG -- :   [1m[35mSQL (0.5ms)[0m  DELETE FROM `sensors`
D, [2014-11-11T12:08:18.174017 #23642] DEBUG -- :   [1m[36m (0.3ms)[0m  [1mBEGIN[0m
D, [2014-11-11T12:08:18.175329 #23642] DEBUG -- :   [1m[35mSQL (0.5ms)[0m  INSERT INTO `sensors` (`featured`, `name`) VALUES (0, 'Anaisland')
D, [2014-11-11T12:08:18.226781 #23642] DEBUG -- :   [1m[36m (51.0ms)[0m  [1mCOMMIT[0m
D, [2014-11-11T12:08:18.228938 #23642] DEBUG -- :   [1m[35m (0.5ms)[0m  BEGIN
D, [2014-11-11T12:08:18.231532 #23642] DEBUG -- :   [1m[36mSQL (0.7ms)[0m  [1mINSERT INTO `sensors` (`featured`, `name`) VALUES (0, 'Anaisland')[0m
D, [2014-11-11T12:08:18.556066 #23642] DEBUG -- :   [1m[35m (323.8ms)[0m  COMMIT
D, [2014-11-11T12:08:18.557891 #23642] DEBUG -- :   [1m[36m (0.4ms)[0m  [1mBEGIN[0m
D, [2014-11-11T12:08:18.560092 #23642] DEBUG -- :   [1m[35mSQL (0.5ms)[0m  INSERT INTO `sensors` (`featured`, `name`) VALUES (0, 'Anaisland')
D, [2014-11-11T12:08:18.614628 #23642] DEBUG -- :   [1m[36m (53.8ms)[0m  [1mCOMMIT[0m
D, [2014-11-11T12:08:18.619392 #23642] DEBUG -- :   [1m[35mSensor Load (1.0ms)[0m  SELECT `sensors`.* FROM `sensors`   ORDER BY `sensors`.`featured` DESC
D, [2014-11-11T12:08:18.628591 #23642] DEBUG -- :   [1m[36mSensor Load (0.8ms)[0m  [1mSELECT `sensors`.* FROM `sensors`[0m
D, [2014-11-11T12:08:18.681385 #23642] DEBUG -- :   [1m[35mSQL (44.2ms)[0m  DELETE FROM `sensors`
D, [2014-11-11T12:08:18.686642 #23642] DEBUG -- :   [1m[36m (0.5ms)[0m  [1mBEGIN[0m
D, [2014-11-11T12:08:18.689177 #23642] DEBUG -- :   [1m[35mSQL (0.6ms)[0m  INSERT INTO `sensors` (`featured`, `name`) VALUES (0, 'Anaisland')
D, [2014-11-11T12:08:18.731311 #23642] DEBUG -- :   [1m[36m (41.4ms)[0m  [1mCOMMIT[0m
D, [2014-11-11T12:08:18.737708 #23642] DEBUG -- :   [1m[35mSensor Load (0.4ms)[0m  SELECT  `sensors`.* FROM `sensors`  WHERE `sensors`.`id` = 55  ORDER BY `sensors`.`id` ASC LIMIT 1
D, [2014-11-11T12:08:18.781648 #23642] DEBUG -- :   [1m[36mSQL (40.3ms)[0m  [1mDELETE FROM `sensors`[0m
D, [2014-11-11T12:08:18.787013 #23642] DEBUG -- :   [1m[35m (0.5ms)[0m  BEGIN
D, [2014-11-11T12:08:18.789641 #23642] DEBUG -- :   [1m[36mSQL (0.6ms)[0m  [1mINSERT INTO `sensors` (`featured`, `name`) VALUES (0, 'Anaisland')[0m
D, [2014-11-11T12:08:18.831758 #23642] DEBUG -- :   [1m[35m (41.2ms)[0m  COMMIT
D, [2014-11-11T12:08:18.865644 #23642] DEBUG -- :   [1m[36mSensor Load (22.5ms)[0m  [1mSELECT  `sensors`.* FROM `sensors`  WHERE `sensors`.`id` = 56 LIMIT 1[0m
D, [2014-11-11T12:08:18.866443 #23642] DEBUG -- :   [1m[35m (0.3ms)[0m  BEGIN
D, [2014-11-11T12:08:18.868894 #23642] DEBUG -- :   [1m[36mSQL (0.7ms)[0m  [1mUPDATE `sensors` SET `name` = 'New_name' WHERE `sensors`.`id` = 56[0m
D, [2014-11-11T12:08:18.915077 #23642] DEBUG -- :   [1m[35m (45.8ms)[0m  COMMIT
D, [2014-11-11T12:08:18.917863 #23642] DEBUG -- :   [1m[36mSensor Load (0.6ms)[0m  [1mSELECT  `sensors`.* FROM `sensors`  WHERE `sensors`.`id` = 56 LIMIT 1[0m
D, [2014-11-11T12:09:53.504940 #23783] DEBUG -- :   [1m[36m (0.4ms)[0m  [1mBEGIN[0m
D, [2014-11-11T12:09:53.514336 #23783] DEBUG -- :   [1m[35mSQL (0.7ms)[0m  INSERT INTO `sensors` (`featured`, `name`) VALUES (1, 'Ashleestad')
D, [2014-11-11T12:09:53.594366 #23783] DEBUG -- :   [1m[36m (79.1ms)[0m  [1mCOMMIT[0m
D, [2014-11-11T12:09:53.652768 #23783] DEBUG -- :   [1m[35mSQL (56.1ms)[0m  DELETE FROM `sensors`
D, [2014-11-11T12:09:53.733388 #23783] DEBUG -- :   [1m[36mSensor Load (0.7ms)[0m  [1mSELECT `sensors`.* FROM `sensors`   ORDER BY `sensors`.`featured` DESC[0m
D, [2014-11-11T12:09:53.737918 #23783] DEBUG -- :   [1m[35mSQL (0.4ms)[0m  DELETE FROM `sensors`
D, [2014-11-11T12:09:53.740014 #23783] DEBUG -- :   [1m[36m (0.3ms)[0m  [1mBEGIN[0m
D, [2014-11-11T12:09:53.741259 #23783] DEBUG -- :   [1m[35mSQL (0.5ms)[0m  INSERT INTO `sensors` (`featured`, `name`) VALUES (1, 'Ashleestad')
D, [2014-11-11T12:09:53.786193 #23783] DEBUG -- :   [1m[36m (44.4ms)[0m  [1mCOMMIT[0m
D, [2014-11-11T12:09:53.787955 #23783] DEBUG -- :   [1m[35m (0.3ms)[0m  BEGIN
D, [2014-11-11T12:09:53.790154 #23783] DEBUG -- :   [1m[36mSQL (0.6ms)[0m  [1mINSERT INTO `sensors` (`featured`, `name`) VALUES (1, 'Ashleestad')[0m
D, [2014-11-11T12:09:53.827999 #23783] DEBUG -- :   [1m[35m (37.1ms)[0m  COMMIT
D, [2014-11-11T12:09:53.829731 #23783] DEBUG -- :   [1m[36m (0.4ms)[0m  [1mBEGIN[0m
D, [2014-11-11T12:09:53.831925 #23783] DEBUG -- :   [1m[35mSQL (0.7ms)[0m  INSERT INTO `sensors` (`featured`, `name`) VALUES (1, 'Ashleestad')
D, [2014-11-11T12:09:53.869769 #23783] DEBUG -- :   [1m[36m (37.1ms)[0m  [1mCOMMIT[0m
D, [2014-11-11T12:09:53.874516 #23783] DEBUG -- :   [1m[35mSensor Load (1.0ms)[0m  SELECT `sensors`.* FROM `sensors`   ORDER BY `sensors`.`featured` DESC
D, [2014-11-11T12:09:53.883000 #23783] DEBUG -- :   [1m[36mSensor Load (0.7ms)[0m  [1mSELECT `sensors`.* FROM `sensors`[0m
D, [2014-11-11T12:09:53.928272 #23783] DEBUG -- :   [1m[35mSQL (37.5ms)[0m  DELETE FROM `sensors`
D, [2014-11-11T12:09:53.933756 #23783] DEBUG -- :   [1m[36m (0.5ms)[0m  [1mBEGIN[0m
D, [2014-11-11T12:09:53.936312 #23783] DEBUG -- :   [1m[35mSQL (0.7ms)[0m  INSERT INTO `sensors` (`featured`, `name`) VALUES (1, 'Ashleestad')
D, [2014-11-11T12:09:53.978349 #23783] DEBUG -- :   [1m[36m (41.3ms)[0m  [1mCOMMIT[0m
D, [2014-11-11T12:09:53.992909 #23783] DEBUG -- :   [1m[35mSensor Load (0.6ms)[0m  SELECT  `sensors`.* FROM `sensors`  WHERE `sensors`.`id` = 61  ORDER BY `sensors`.`id` ASC LIMIT 1
D, [2014-11-11T12:09:54.036761 #23783] DEBUG -- :   [1m[36mSQL (40.9ms)[0m  [1mDELETE FROM `sensors`[0m
D, [2014-11-11T12:09:54.042445 #23783] DEBUG -- :   [1m[35m (0.3ms)[0m  BEGIN
D, [2014-11-11T12:09:54.045066 #23783] DEBUG -- :   [1m[36mSQL (0.6ms)[0m  [1mINSERT INTO `sensors` (`featured`, `name`) VALUES (1, 'Ashleestad')[0m
D, [2014-11-11T12:09:54.088173 #23783] DEBUG -- :   [1m[35m (42.3ms)[0m  COMMIT
D, [2014-11-11T12:09:54.100565 #23783] DEBUG -- :   [1m[36mSensor Load (0.8ms)[0m  [1mSELECT  `sensors`.* FROM `sensors`  WHERE `sensors`.`id` = 62 LIMIT 1[0m
D, [2014-11-11T12:09:54.102071 #23783] DEBUG -- :   [1m[35m (0.4ms)[0m  BEGIN
D, [2014-11-11T12:09:54.104376 #23783] DEBUG -- :   [1m[36mSQL (0.6ms)[0m  [1mUPDATE `sensors` SET `featured` = 0, `name` = 'New_name' WHERE `sensors`.`id` = 62[0m
D, [2014-11-11T12:09:54.146583 #23783] DEBUG -- :   [1m[35m (41.8ms)[0m  COMMIT
D, [2014-11-11T12:09:54.152162 #23783] DEBUG -- :   [1m[36mSensor Load (0.8ms)[0m  [1mSELECT  `sensors`.* FROM `sensors`  WHERE `sensors`.`id` = 62 LIMIT 1[0m
D, [2014-11-11T12:09:54.196708 #23783] DEBUG -- :   [1m[35mSQL (40.0ms)[0m  DELETE FROM `sensors`
D, [2014-11-11T12:09:54.202234 #23783] DEBUG -- :   [1m[36m (0.4ms)[0m  [1mBEGIN[0m
D, [2014-11-11T12:09:54.204688 #23783] DEBUG -- :   [1m[35mSQL (0.6ms)[0m  INSERT INTO `sensors` (`featured`, `name`) VALUES (1, 'Ashleestad')
D, [2014-11-11T12:09:54.246866 #23783] DEBUG -- :   [1m[36m (41.4ms)[0m  [1mCOMMIT[0m
D, [2014-11-11T12:09:54.253016 #23783] DEBUG -- :   [1m[35mSensor Load (0.9ms)[0m  SELECT  `sensors`.* FROM `sensors`  WHERE `sensors`.`id` = 63 LIMIT 1
D, [2014-11-11T12:09:54.254260 #23783] DEBUG -- :   [1m[36m (0.3ms)[0m  [1mBEGIN[0m
D, [2014-11-11T12:09:54.256291 #23783] DEBUG -- :   [1m[35mSQL (0.7ms)[0m  DELETE FROM `sensors` WHERE `sensors`.`id` = 63
D, [2014-11-11T12:09:54.296997 #23783] DEBUG -- :   [1m[36m (40.1ms)[0m  [1mCOMMIT[0m
D, [2014-11-11T12:10:10.322173 #23965] DEBUG -- :   [1m[36m (0.2ms)[0m  [1mBEGIN[0m
D, [2014-11-11T12:10:10.326153 #23965] DEBUG -- :   [1m[35mSQL (0.4ms)[0m  INSERT INTO `sensors` (`featured`, `name`) VALUES (0, 'Port Hillaryview')
D, [2014-11-11T12:10:10.394259 #23965] DEBUG -- :   [1m[36m (67.5ms)[0m  [1mCOMMIT[0m
D, [2014-11-11T12:10:10.436012 #23965] DEBUG -- :   [1m[35mSQL (40.6ms)[0m  DELETE FROM `sensors`
D, [2014-11-11T12:10:10.534816 #23965] DEBUG -- :   [1m[36mSensor Load (0.8ms)[0m  [1mSELECT `sensors`.* FROM `sensors`   ORDER BY `sensors`.`featured` DESC[0m
D, [2014-11-11T12:10:10.540948 #23965] DEBUG -- :   [1m[35mSQL (0.2ms)[0m  DELETE FROM `sensors`
D, [2014-11-11T12:10:10.543034 #23965] DEBUG -- :   [1m[36m (0.1ms)[0m  [1mBEGIN[0m
D, [2014-11-11T12:10:10.544257 #23965] DEBUG -- :   [1m[35mSQL (0.3ms)[0m  INSERT INTO `sensors` (`featured`, `name`) VALUES (0, 'Port Hillaryview')
D, [2014-11-11T12:10:10.586105 #23965] DEBUG -- :   [1m[36m (41.3ms)[0m  [1mCOMMIT[0m
D, [2014-11-11T12:10:10.587634 #23965] DEBUG -- :   [1m[35m (0.3ms)[0m  BEGIN
D, [2014-11-11T12:10:10.589135 #23965] DEBUG -- :   [1m[36mSQL (0.5ms)[0m  [1mINSERT INTO `sensors` (`featured`, `name`) VALUES (0, 'Port Hillaryview')[0m
D, [2014-11-11T12:10:10.627961 #23965] DEBUG -- :   [1m[35m (38.3ms)[0m  COMMIT
D, [2014-11-11T12:10:10.629345 #23965] DEBUG -- :   [1m[36m (0.3ms)[0m  [1mBEGIN[0m
D, [2014-11-11T12:10:10.631233 #23965] DEBUG -- :   [1m[35mSQL (0.6ms)[0m  INSERT INTO `sensors` (`featured`, `name`) VALUES (0, 'Port Hillaryview')
D, [2014-11-11T12:10:10.669748 #23965] DEBUG -- :   [1m[36m (37.4ms)[0m  [1mCOMMIT[0m
D, [2014-11-11T12:10:10.672416 #23965] DEBUG -- :   [1m[35mSensor Load (0.6ms)[0m  SELECT `sensors`.* FROM `sensors`   ORDER BY `sensors`.`featured` DESC
D, [2014-11-11T12:10:10.678470 #23965] DEBUG -- :   [1m[36mSensor Load (1.1ms)[0m  [1mSELECT `sensors`.* FROM `sensors`[0m
D, [2014-11-11T12:10:10.719926 #23965] DEBUG -- :   [1m[35mSQL (35.9ms)[0m  DELETE FROM `sensors`
D, [2014-11-11T12:10:10.722329 #23965] DEBUG -- :   [1m[36m (0.2ms)[0m  [1mBEGIN[0m
D, [2014-11-11T12:10:10.726239 #23965] DEBUG -- :   [1m[35mSQL (2.7ms)[0m  INSERT INTO `sensors` (`featured`, `name`) VALUES (0, 'Port Hillaryview')
D, [2014-11-11T12:10:10.769979 #23965] DEBUG -- :   [1m[36m (43.1ms)[0m  [1mCOMMIT[0m
D, [2014-11-11T12:10:10.784704 #23965] DEBUG -- :   [1m[35mSensor Load (0.4ms)[0m  SELECT  `sensors`.* FROM `sensors`  WHERE `sensors`.`id` = 68  ORDER BY `sensors`.`id` ASC LIMIT 1
D, [2014-11-11T12:10:10.828699 #23965] DEBUG -- :   [1m[36mSQL (40.1ms)[0m  [1mDELETE FROM `sensors`[0m
D, [2014-11-11T12:10:10.834124 #23965] DEBUG -- :   [1m[35m (0.4ms)[0m  BEGIN
D, [2014-11-11T12:10:10.839603 #23965] DEBUG -- :   [1m[36mSQL (3.4ms)[0m  [1mINSERT INTO `sensors` (`featured`, `name`) VALUES (0, 'Port Hillaryview')[0m
D, [2014-11-11T12:10:10.878810 #23965] DEBUG -- :   [1m[35m (38.4ms)[0m  COMMIT
D, [2014-11-11T12:10:10.890892 #23965] DEBUG -- :   [1m[36mSensor Load (1.0ms)[0m  [1mSELECT  `sensors`.* FROM `sensors`  WHERE `sensors`.`id` = 69 LIMIT 1[0m
D, [2014-11-11T12:10:10.891819 #23965] DEBUG -- :   [1m[35m (0.2ms)[0m  BEGIN
D, [2014-11-11T12:10:10.894694 #23965] DEBUG -- :   [1m[36mSQL (0.5ms)[0m  [1mUPDATE `sensors` SET `name` = 'New_name' WHERE `sensors`.`id` = 69[0m
D, [2014-11-11T12:10:10.941436 #23965] DEBUG -- :   [1m[35m (45.9ms)[0m  COMMIT
D, [2014-11-11T12:10:10.952480 #23965] DEBUG -- :   [1m[36mSensor Load (1.7ms)[0m  [1mSELECT  `sensors`.* FROM `sensors`  WHERE `sensors`.`id` = 69 LIMIT 1[0m
D, [2014-11-11T12:10:10.995734 #23965] DEBUG -- :   [1m[35mSQL (41.2ms)[0m  DELETE FROM `sensors`
D, [2014-11-11T12:10:11.002121 #23965] DEBUG -- :   [1m[36m (0.4ms)[0m  [1mBEGIN[0m
D, [2014-11-11T12:10:11.005116 #23965] DEBUG -- :   [1m[35mSQL (1.1ms)[0m  INSERT INTO `sensors` (`featured`, `name`) VALUES (0, 'Port Hillaryview')
D, [2014-11-11T12:10:11.045594 #23965] DEBUG -- :   [1m[36m (39.5ms)[0m  [1mCOMMIT[0m
D, [2014-11-11T12:10:11.048198 #23965] DEBUG -- :   [1m[35mSensor Load (0.4ms)[0m  SELECT  `sensors`.* FROM `sensors`  WHERE `sensors`.`id` = 70 LIMIT 1
D, [2014-11-11T12:10:11.048902 #23965] DEBUG -- :   [1m[36m (0.1ms)[0m  [1mBEGIN[0m
D, [2014-11-11T12:10:11.049982 #23965] DEBUG -- :   [1m[35mSQL (0.4ms)[0m  DELETE FROM `sensors` WHERE `sensors`.`id` = 70
D, [2014-11-11T12:10:11.087718 #23965] DEBUG -- :   [1m[36m (37.3ms)[0m  [1mCOMMIT[0m
D, [2014-11-11T12:10:27.182278 #23997] DEBUG -- :   [1m[36m (0.3ms)[0m  [1mBEGIN[0m
D, [2014-11-11T12:10:27.186423 #23997] DEBUG -- :   [1m[35mSQL (0.4ms)[0m  INSERT INTO `sensors` (`featured`, `name`) VALUES (0, 'Brekkeborough')
D, [2014-11-11T12:10:27.256886 #23997] DEBUG -- :   [1m[36m (69.8ms)[0m  [1mCOMMIT[0m
D, [2014-11-11T12:10:27.298890 #23997] DEBUG -- :   [1m[35mSQL (39.9ms)[0m  DELETE FROM `sensors`
D, [2014-11-11T12:10:27.381243 #23997] DEBUG -- :   [1m[36mSensor Load (1.1ms)[0m  [1mSELECT `sensors`.* FROM `sensors`   ORDER BY `sensors`.`featured` DESC[0m
D, [2014-11-11T12:10:27.385797 #23997] DEBUG -- :   [1m[35mSQL (0.4ms)[0m  DELETE FROM `sensors`
D, [2014-11-11T12:10:27.391565 #23997] DEBUG -- :   [1m[36m (0.4ms)[0m  [1mBEGIN[0m
D, [2014-11-11T12:10:27.394073 #23997] DEBUG -- :   [1m[35mSQL (0.6ms)[0m  INSERT INTO `sensors` (`featured`, `name`) VALUES (0, 'Brekkeborough')
D, [2014-11-11T12:10:27.432237 #23997] DEBUG -- :   [1m[36m (37.4ms)[0m  [1mCOMMIT[0m
D, [2014-11-11T12:10:27.434036 #23997] DEBUG -- :   [1m[35m (0.3ms)[0m  BEGIN
D, [2014-11-11T12:10:27.436284 #23997] DEBUG -- :   [1m[36mSQL (0.7ms)[0m  [1mINSERT INTO `sensors` (`featured`, `name`) VALUES (0, 'Brekkeborough')[0m
D, [2014-11-11T12:10:27.473912 #23997] DEBUG -- :   [1m[35m (37.0ms)[0m  COMMIT
D, [2014-11-11T12:10:27.474804 #23997] DEBUG -- :   [1m[36m (0.3ms)[0m  [1mBEGIN[0m
D, [2014-11-11T12:10:27.476167 #23997] DEBUG -- :   [1m[35mSQL (0.6ms)[0m  INSERT INTO `sensors` (`featured`, `name`) VALUES (0, 'Brekkeborough')
D, [2014-11-11T12:10:27.515832 #23997] DEBUG -- :   [1m[36m (38.9ms)[0m  [1mCOMMIT[0m
D, [2014-11-11T12:10:27.521032 #23997] DEBUG -- :   [1m[35mSensor Load (1.0ms)[0m  SELECT `sensors`.* FROM `sensors`   ORDER BY `sensors`.`featured` DESC
D, [2014-11-11T12:10:27.530469 #23997] DEBUG -- :   [1m[36mSensor Load (0.8ms)[0m  [1mSELECT `sensors`.* FROM `sensors`[0m
D, [2014-11-11T12:10:27.582624 #23997] DEBUG -- :   [1m[35mSQL (43.6ms)[0m  DELETE FROM `sensors`
D, [2014-11-11T12:10:27.587923 #23997] DEBUG -- :   [1m[36m (0.4ms)[0m  [1mBEGIN[0m
D, [2014-11-11T12:10:27.590322 #23997] DEBUG -- :   [1m[35mSQL (0.6ms)[0m  INSERT INTO `sensors` (`featured`, `name`) VALUES (0, 'Brekkeborough')
D, [2014-11-11T12:10:27.632764 #23997] DEBUG -- :   [1m[36m (41.7ms)[0m  [1mCOMMIT[0m
D, [2014-11-11T12:10:27.643455 #23997] DEBUG -- :   [1m[35mSensor Load (0.7ms)[0m  SELECT  `sensors`.* FROM `sensors`  WHERE `sensors`.`id` = 75  ORDER BY `sensors`.`id` ASC LIMIT 1
D, [2014-11-11T12:10:27.682678 #23997] DEBUG -- :   [1m[36mSQL (36.5ms)[0m  [1mDELETE FROM `sensors`[0m
D, [2014-11-11T12:10:27.687721 #23997] DEBUG -- :   [1m[35m (0.3ms)[0m  BEGIN
D, [2014-11-11T12:10:27.688997 #23997] DEBUG -- :   [1m[36mSQL (0.5ms)[0m  [1mINSERT INTO `sensors` (`featured`, `name`) VALUES (0, 'Brekkeborough')[0m
D, [2014-11-11T12:10:27.732765 #23997] DEBUG -- :   [1m[35m (43.4ms)[0m  COMMIT
D, [2014-11-11T12:10:27.740558 #23997] DEBUG -- :   [1m[36mSensor Load (0.8ms)[0m  [1mSELECT  `sensors`.* FROM `sensors`  WHERE `sensors`.`id` = 76 LIMIT 1[0m
D, [2014-11-11T12:10:27.742066 #23997] DEBUG -- :   [1m[35m (0.3ms)[0m  BEGIN
D, [2014-11-11T12:10:27.746277 #23997] DEBUG -- :   [1m[36mSQL (0.7ms)[0m  [1mUPDATE `sensors` SET `name` = 'New_name' WHERE `sensors`.`id` = 76[0m
D, [2014-11-11T12:10:27.774832 #23997] DEBUG -- :   [1m[35m (27.9ms)[0m  COMMIT
D, [2014-11-11T12:10:27.780297 #23997] DEBUG -- :   [1m[36mSensor Load (0.8ms)[0m  [1mSELECT  `sensors`.* FROM `sensors`  WHERE `sensors`.`id` = 76 LIMIT 1[0m
D, [2014-11-11T12:10:27.824937 #23997] DEBUG -- :   [1m[35mSQL (40.1ms)[0m  DELETE FROM `sensors`
D, [2014-11-11T12:10:27.830011 #23997] DEBUG -- :   [1m[36m (0.3ms)[0m  [1mBEGIN[0m
D, [2014-11-11T12:10:27.832511 #23997] DEBUG -- :   [1m[35mSQL (0.6ms)[0m  INSERT INTO `sensors` (`featured`, `name`) VALUES (0, 'Brekkeborough')
D, [2014-11-11T12:10:27.874984 #23997] DEBUG -- :   [1m[36m (41.6ms)[0m  [1mCOMMIT[0m
D, [2014-11-11T12:10:27.880219 #23997] DEBUG -- :   [1m[35mSensor Load (0.6ms)[0m  SELECT  `sensors`.* FROM `sensors`  WHERE `sensors`.`id` = 77 LIMIT 1
D, [2014-11-11T12:10:27.880878 #23997] DEBUG -- :   [1m[36m (0.3ms)[0m  [1mBEGIN[0m
D, [2014-11-11T12:10:27.881947 #23997] DEBUG -- :   [1m[35mSQL (0.5ms)[0m  DELETE FROM `sensors` WHERE `sensors`.`id` = 77
D, [2014-11-11T12:10:27.924981 #23997] DEBUG -- :   [1m[36m (42.8ms)[0m  [1mCOMMIT[0m
D, [2014-11-11T12:10:27.927565 #23997] DEBUG -- :   [1m[35m (0.6ms)[0m  SELECT COUNT(*) FROM `sensors`
D, [2014-11-11T12:10:41.360001 #24010] DEBUG -- :   [1m[36m (0.4ms)[0m  [1mBEGIN[0m
D, [2014-11-11T12:10:41.365136 #24010] DEBUG -- :   [1m[35mSQL (0.7ms)[0m  INSERT INTO `sensors` (`featured`, `name`) VALUES (0, 'Daviston')
D, [2014-11-11T12:10:41.427986 #24010] DEBUG -- :   [1m[36m (61.9ms)[0m  [1mCOMMIT[0m
D, [2014-11-11T12:10:41.486406 #24010] DEBUG -- :   [1m[35mSQL (56.4ms)[0m  DELETE FROM `sensors`
D, [2014-11-11T12:10:41.567461 #24010] DEBUG -- :   [1m[36mSensor Load (0.7ms)[0m  [1mSELECT `sensors`.* FROM `sensors`   ORDER BY `sensors`.`featured` DESC[0m
D, [2014-11-11T12:10:41.572035 #24010] DEBUG -- :   [1m[35mSQL (0.4ms)[0m  DELETE FROM `sensors`
D, [2014-11-11T12:10:41.574096 #24010] DEBUG -- :   [1m[36m (0.3ms)[0m  [1mBEGIN[0m
D, [2014-11-11T12:10:41.575577 #24010] DEBUG -- :   [1m[35mSQL (0.6ms)[0m  INSERT INTO `sensors` (`featured`, `name`) VALUES (0, 'Daviston')
D, [2014-11-11T12:10:41.636505 #24010] DEBUG -- :   [1m[36m (60.5ms)[0m  [1mCOMMIT[0m
D, [2014-11-11T12:10:41.638420 #24010] DEBUG -- :   [1m[35m (0.4ms)[0m  BEGIN
D, [2014-11-11T12:10:41.640648 #24010] DEBUG -- :   [1m[36mSQL (0.7ms)[0m  [1mINSERT INTO `sensors` (`featured`, `name`) VALUES (0, 'Daviston')[0m
D, [2014-11-11T12:10:41.694969 #24010] DEBUG -- :   [1m[35m (53.5ms)[0m  COMMIT
D, [2014-11-11T12:10:41.696725 #24010] DEBUG -- :   [1m[36m (0.4ms)[0m  [1mBEGIN[0m
D, [2014-11-11T12:10:41.698790 #24010] DEBUG -- :   [1m[35mSQL (0.6ms)[0m  INSERT INTO `sensors` (`featured`, `name`) VALUES (0, 'Daviston')
D, [2014-11-11T12:10:41.753450 #24010] DEBUG -- :   [1m[36m (53.8ms)[0m  [1mCOMMIT[0m
D, [2014-11-11T12:10:41.758239 #24010] DEBUG -- :   [1m[35mSensor Load (1.1ms)[0m  SELECT `sensors`.* FROM `sensors`   ORDER BY `sensors`.`featured` DESC
D, [2014-11-11T12:10:41.766917 #24010] DEBUG -- :   [1m[36mSensor Load (0.8ms)[0m  [1mSELECT `sensors`.* FROM `sensors`[0m
D, [2014-11-11T12:10:41.828572 #24010] DEBUG -- :   [1m[35mSQL (53.6ms)[0m  DELETE FROM `sensors`
D, [2014-11-11T12:10:41.833844 #24010] DEBUG -- :   [1m[36m (0.4ms)[0m  [1mBEGIN[0m
D, [2014-11-11T12:10:41.836073 #24010] DEBUG -- :   [1m[35mSQL (0.5ms)[0m  INSERT INTO `sensors` (`featured`, `name`) VALUES (0, 'Daviston')
D, [2014-11-11T12:10:41.895180 #24010] DEBUG -- :   [1m[36m (55.4ms)[0m  [1mCOMMIT[0m
D, [2014-11-11T12:10:41.901372 #24010] DEBUG -- :   [1m[35mSensor Load (0.6ms)[0m  SELECT  `sensors`.* FROM `sensors`  WHERE `sensors`.`id` = 82  ORDER BY `sensors`.`id` ASC LIMIT 1
D, [2014-11-11T12:10:41.962177 #24010] DEBUG -- :   [1m[36mSQL (57.4ms)[0m  [1mDELETE FROM `sensors`[0m
D, [2014-11-11T12:10:41.967409 #24010] DEBUG -- :   [1m[35m (0.4ms)[0m  BEGIN
D, [2014-11-11T12:10:41.969883 #24010] DEBUG -- :   [1m[36mSQL (0.6ms)[0m  [1mINSERT INTO `sensors` (`featured`, `name`) VALUES (0, 'Daviston')[0m
D, [2014-11-11T12:10:42.028961 #24010] DEBUG -- :   [1m[35m (58.2ms)[0m  COMMIT
D, [2014-11-11T12:10:42.040807 #24010] DEBUG -- :   [1m[36mSensor Load (0.8ms)[0m  [1mSELECT  `sensors`.* FROM `sensors`  WHERE `sensors`.`id` = 83 LIMIT 1[0m
D, [2014-11-11T12:10:42.042420 #24010] DEBUG -- :   [1m[35m (0.4ms)[0m  BEGIN
D, [2014-11-11T12:10:42.046620 #24010] DEBUG -- :   [1m[36mSQL (0.6ms)[0m  [1mUPDATE `sensors` SET `name` = 'New_name' WHERE `sensors`.`id` = 83[0m
D, [2014-11-11T12:10:42.104045 #24010] DEBUG -- :   [1m[35m (57.0ms)[0m  COMMIT
D, [2014-11-11T12:10:42.109344 #24010] DEBUG -- :   [1m[36mSensor Load (0.8ms)[0m  [1mSELECT  `sensors`.* FROM `sensors`  WHERE `sensors`.`id` = 83 LIMIT 1[0m
D, [2014-11-11T12:10:42.154210 #24010] DEBUG -- :   [1m[35mSQL (40.4ms)[0m  DELETE FROM `sensors`
D, [2014-11-11T12:10:42.159708 #24010] DEBUG -- :   [1m[36m (0.4ms)[0m  [1mBEGIN[0m
D, [2014-11-11T12:10:42.162359 #24010] DEBUG -- :   [1m[35mSQL (0.6ms)[0m  INSERT INTO `sensors` (`featured`, `name`) VALUES (0, 'Daviston')
D, [2014-11-11T12:10:42.204348 #24010] DEBUG -- :   [1m[36m (41.1ms)[0m  [1mCOMMIT[0m
D, [2014-11-11T12:10:42.210304 #24010] DEBUG -- :   [1m[35mSensor Load (0.9ms)[0m  SELECT  `sensors`.* FROM `sensors`  WHERE `sensors`.`id` = 84 LIMIT 1
D, [2014-11-11T12:10:42.211531 #24010] DEBUG -- :   [1m[36m (0.3ms)[0m  [1mBEGIN[0m
D, [2014-11-11T12:10:42.213466 #24010] DEBUG -- :   [1m[35mSQL (0.7ms)[0m  DELETE FROM `sensors` WHERE `sensors`.`id` = 84
D, [2014-11-11T12:10:42.254258 #24010] DEBUG -- :   [1m[36m (40.3ms)[0m  [1mCOMMIT[0m
D, [2014-11-11T12:10:42.260028 #24010] DEBUG -- :   [1m[35m (2.0ms)[0m  SELECT COUNT(*) FROM `sensors`
D, [2014-11-11T12:11:57.467707 #24133] DEBUG -- :   [1m[36m (0.3ms)[0m  [1mBEGIN[0m
D, [2014-11-11T12:11:57.471439 #24133] DEBUG -- :   [1m[35mSQL (0.5ms)[0m  INSERT INTO `sensors` (`featured`, `name`) VALUES (0, 'Dollyfort')
D, [2014-11-11T12:11:57.537799 #24133] DEBUG -- :   [1m[36m (65.4ms)[0m  [1mCOMMIT[0m
D, [2014-11-11T12:11:57.587863 #24133] DEBUG -- :   [1m[35mSQL (47.8ms)[0m  DELETE FROM `sensors`
D, [2014-11-11T12:11:57.670352 #24133] DEBUG -- :   [1m[36mSensor Load (0.9ms)[0m  [1mSELECT `sensors`.* FROM `sensors`   ORDER BY `sensors`.`featured` DESC[0m
D, [2014-11-11T12:11:57.675137 #24133] DEBUG -- :   [1m[35mSQL (0.5ms)[0m  DELETE FROM `sensors`
D, [2014-11-11T12:11:57.677213 #24133] DEBUG -- :   [1m[36m (0.3ms)[0m  [1mBEGIN[0m
D, [2014-11-11T12:11:57.678501 #24133] DEBUG -- :   [1m[35mSQL (0.5ms)[0m  INSERT INTO `sensors` (`featured`, `name`) VALUES (0, 'Dollyfort')
D, [2014-11-11T12:11:57.729504 #24133] DEBUG -- :   [1m[36m (50.6ms)[0m  [1mCOMMIT[0m
D, [2014-11-11T12:11:57.730589 #24133] DEBUG -- :   [1m[35m (0.3ms)[0m  BEGIN
D, [2014-11-11T12:11:57.732326 #24133] DEBUG -- :   [1m[36mSQL (0.7ms)[0m  [1mINSERT INTO `sensors` (`featured`, `name`) VALUES (0, 'Dollyfort')[0m
D, [2014-11-11T12:11:57.779807 #24133] DEBUG -- :   [1m[35m (46.7ms)[0m  COMMIT
D, [2014-11-11T12:11:57.781578 #24133] DEBUG -- :   [1m[36m (0.3ms)[0m  [1mBEGIN[0m
D, [2014-11-11T12:11:57.783798 #24133] DEBUG -- :   [1m[35mSQL (0.7ms)[0m  INSERT INTO `sensors` (`featured`, `name`) VALUES (0, 'Dollyfort')
D, [2014-11-11T12:11:57.829926 #24133] DEBUG -- :   [1m[36m (45.4ms)[0m  [1mCOMMIT[0m
D, [2014-11-11T12:11:57.834792 #24133] DEBUG -- :   [1m[35mSensor Load (1.0ms)[0m  SELECT `sensors`.* FROM `sensors`   ORDER BY `sensors`.`featured` DESC
D, [2014-11-11T12:11:57.843774 #24133] DEBUG -- :   [1m[36mSensor Load (0.8ms)[0m  [1mSELECT `sensors`.* FROM `sensors`[0m
D, [2014-11-11T12:11:57.896735 #24133] DEBUG -- :   [1m[35mSQL (44.8ms)[0m  DELETE FROM `sensors`
D, [2014-11-11T12:11:57.906290 #24133] DEBUG -- :   [1m[36m (0.3ms)[0m  [1mBEGIN[0m
D, [2014-11-11T12:11:57.907550 #24133] DEBUG -- :   [1m[35mSQL (0.5ms)[0m  INSERT INTO `sensors` (`featured`, `name`) VALUES (0, 'New Sensor')
D, [2014-11-11T12:11:57.954948 #24133] DEBUG -- :   [1m[36m (47.0ms)[0m  [1mCOMMIT[0m
D, [2014-11-11T12:11:58.005295 #24133] DEBUG -- :   [1m[35mSQL (47.8ms)[0m  DELETE FROM `sensors`
D, [2014-11-11T12:11:58.010563 #24133] DEBUG -- :   [1m[36m (0.4ms)[0m  [1mBEGIN[0m
D, [2014-11-11T12:11:58.013096 #24133] DEBUG -- :   [1m[35mSQL (0.7ms)[0m  INSERT INTO `sensors` (`featured`, `name`) VALUES (0, 'Dollyfort')
D, [2014-11-11T12:11:58.063768 #24133] DEBUG -- :   [1m[36m (49.8ms)[0m  [1mCOMMIT[0m
D, [2014-11-11T12:11:58.079947 #24133] DEBUG -- :   [1m[35mSensor Load (0.9ms)[0m  SELECT  `sensors`.* FROM `sensors`  WHERE `sensors`.`id` = 90  ORDER BY `sensors`.`id` ASC LIMIT 1
D, [2014-11-11T12:11:58.130542 #24133] DEBUG -- :   [1m[36mSQL (45.4ms)[0m  [1mDELETE FROM `sensors`[0m
D, [2014-11-11T12:11:58.139519 #24133] DEBUG -- :   [1m[35m (3.6ms)[0m  BEGIN
D, [2014-11-11T12:11:58.142151 #24133] DEBUG -- :   [1m[36mSQL (0.6ms)[0m  [1mINSERT INTO `sensors` (`featured`, `name`) VALUES (0, 'Dollyfort')[0m
D, [2014-11-11T12:11:58.180450 #24133] DEBUG -- :   [1m[35m (37.5ms)[0m  COMMIT
D, [2014-11-11T12:11:58.183228 #24133] DEBUG -- :   [1m[36mSensor Load (0.6ms)[0m  [1mSELECT  `sensors`.* FROM `sensors`  WHERE `sensors`.`id` = 91 LIMIT 1[0m
D, [2014-11-11T12:11:58.184757 #24133] DEBUG -- :   [1m[35m (0.4ms)[0m  BEGIN
D, [2014-11-11T12:11:58.187244 #24133] DEBUG -- :   [1m[36mSQL (0.5ms)[0m  [1mUPDATE `sensors` SET `name` = 'New_name' WHERE `sensors`.`id` = 91[0m
D, [2014-11-11T12:11:58.265511 #24133] DEBUG -- :   [1m[35m (77.7ms)[0m  COMMIT
D, [2014-11-11T12:11:58.270864 #24133] DEBUG -- :   [1m[36mSensor Load (0.8ms)[0m  [1mSELECT  `sensors`.* FROM `sensors`  WHERE `sensors`.`id` = 91 LIMIT 1[0m
D, [2014-11-11T12:11:58.581364 #24133] DEBUG -- :   [1m[35mSQL (306.0ms)[0m  DELETE FROM `sensors`
D, [2014-11-11T12:11:58.586723 #24133] DEBUG -- :   [1m[36m (0.3ms)[0m  [1mBEGIN[0m
D, [2014-11-11T12:11:58.588463 #24133] DEBUG -- :   [1m[35mSQL (0.5ms)[0m  INSERT INTO `sensors` (`featured`, `name`) VALUES (0, 'Dollyfort')
D, [2014-11-11T12:11:58.739662 #24133] DEBUG -- :   [1m[36m (150.8ms)[0m  [1mCOMMIT[0m
D, [2014-11-11T12:11:58.741936 #24133] DEBUG -- :   [1m[35mSensor Load (0.4ms)[0m  SELECT  `sensors`.* FROM `sensors`  WHERE `sensors`.`id` = 92 LIMIT 1
D, [2014-11-11T12:11:58.742429 #24133] DEBUG -- :   [1m[36m (0.1ms)[0m  [1mBEGIN[0m
D, [2014-11-11T12:11:58.743491 #24133] DEBUG -- :   [1m[35mSQL (0.4ms)[0m  DELETE FROM `sensors` WHERE `sensors`.`id` = 92
D, [2014-11-11T12:11:58.831716 #24133] DEBUG -- :   [1m[36m (87.7ms)[0m  [1mCOMMIT[0m
D, [2014-11-11T12:11:58.837367 #24133] DEBUG -- :   [1m[35m (0.8ms)[0m  SELECT COUNT(*) FROM `sensors`
D, [2014-11-11T12:12:08.063656 #24185] DEBUG -- :   [1m[36m (0.1ms)[0m  [1mBEGIN[0m
D, [2014-11-11T12:12:08.067639 #24185] DEBUG -- :   [1m[35mSQL (0.7ms)[0m  INSERT INTO `sensors` (`featured`, `name`) VALUES (1, 'Kshlerinberg')
D, [2014-11-11T12:12:08.118697 #24185] DEBUG -- :   [1m[36m (50.5ms)[0m  [1mCOMMIT[0m
D, [2014-11-11T12:12:08.160476 #24185] DEBUG -- :   [1m[35mSQL (39.3ms)[0m  DELETE FROM `sensors`
D, [2014-11-11T12:12:08.239666 #24185] DEBUG -- :   [1m[36mSensor Load (0.5ms)[0m  [1mSELECT `sensors`.* FROM `sensors`   ORDER BY `sensors`.`featured` DESC[0m
D, [2014-11-11T12:12:08.244998 #24185] DEBUG -- :   [1m[35mSQL (0.5ms)[0m  DELETE FROM `sensors`
D, [2014-11-11T12:12:08.247192 #24185] DEBUG -- :   [1m[36m (0.3ms)[0m  [1mBEGIN[0m
D, [2014-11-11T12:12:08.248621 #24185] DEBUG -- :   [1m[35mSQL (0.6ms)[0m  INSERT INTO `sensors` (`featured`, `name`) VALUES (1, 'Kshlerinberg')
D, [2014-11-11T12:12:08.285611 #24185] DEBUG -- :   [1m[36m (36.4ms)[0m  [1mCOMMIT[0m
D, [2014-11-11T12:12:08.287539 #24185] DEBUG -- :   [1m[35m (0.4ms)[0m  BEGIN
D, [2014-11-11T12:12:08.289793 #24185] DEBUG -- :   [1m[36mSQL (0.6ms)[0m  [1mINSERT INTO `sensors` (`featured`, `name`) VALUES (1, 'Kshlerinberg')[0m
D, [2014-11-11T12:12:08.327482 #24185] DEBUG -- :   [1m[35m (36.9ms)[0m  COMMIT
D, [2014-11-11T12:12:08.329270 #24185] DEBUG -- :   [1m[36m (0.4ms)[0m  [1mBEGIN[0m
D, [2014-11-11T12:12:08.331330 #24185] DEBUG -- :   [1m[35mSQL (0.6ms)[0m  INSERT INTO `sensors` (`featured`, `name`) VALUES (1, 'Kshlerinberg')
D, [2014-11-11T12:12:08.369158 #24185] DEBUG -- :   [1m[36m (37.4ms)[0m  [1mCOMMIT[0m
D, [2014-11-11T12:12:08.374198 #24185] DEBUG -- :   [1m[35mSensor Load (1.1ms)[0m  SELECT `sensors`.* FROM `sensors`   ORDER BY `sensors`.`featured` DESC
D, [2014-11-11T12:12:08.383327 #24185] DEBUG -- :   [1m[36mSensor Load (0.8ms)[0m  [1mSELECT `sensors`.* FROM `sensors`[0m
D, [2014-11-11T12:12:08.427644 #24185] DEBUG -- :   [1m[35mSQL (36.1ms)[0m  DELETE FROM `sensors`
D, [2014-11-11T12:12:08.441360 #24185] DEBUG -- :   [1m[36m (0.5ms)[0m  [1mBEGIN[0m
D, [2014-11-11T12:12:08.443169 #24185] DEBUG -- :   [1m[35mSQL (0.5ms)[0m  INSERT INTO `sensors` (`featured`, `name`) VALUES (0, 'New Sensor')
D, [2014-11-11T12:12:08.486222 #24185] DEBUG -- :   [1m[36m (42.4ms)[0m  [1mCOMMIT[0m
D, [2014-11-11T12:12:08.492310 #24185] DEBUG -- :   [1m[35m (0.7ms)[0m  SELECT COUNT(*) FROM `sensors`
D, [2014-11-11T12:12:08.498345 #24185] DEBUG -- :   [1m[36mSensor Load (0.5ms)[0m  [1mSELECT  `sensors`.* FROM `sensors`   ORDER BY `sensors`.`id` ASC LIMIT 1[0m
D, [2014-11-11T12:12:08.536205 #24185] DEBUG -- :   [1m[35mSQL (36.1ms)[0m  DELETE FROM `sensors`
D, [2014-11-11T12:12:08.541414 #24185] DEBUG -- :   [1m[36m (0.4ms)[0m  [1mBEGIN[0m
D, [2014-11-11T12:12:08.544067 #24185] DEBUG -- :   [1m[35mSQL (0.7ms)[0m  INSERT INTO `sensors` (`featured`, `name`) VALUES (1, 'Kshlerinberg')
D, [2014-11-11T12:12:08.586327 #24185] DEBUG -- :   [1m[36m (41.4ms)[0m  [1mCOMMIT[0m
D, [2014-11-11T12:12:08.596625 #24185] DEBUG -- :   [1m[35mSensor Load (0.4ms)[0m  SELECT  `sensors`.* FROM `sensors`  WHERE `sensors`.`id` = 98  ORDER BY `sensors`.`id` ASC LIMIT 1
D, [2014-11-11T12:12:08.636909 #24185] DEBUG -- :   [1m[36mSQL (37.0ms)[0m  [1mDELETE FROM `sensors`[0m
D, [2014-11-11T12:12:08.642767 #24185] DEBUG -- :   [1m[35m (0.4ms)[0m  BEGIN
D, [2014-11-11T12:12:08.645443 #24185] DEBUG -- :   [1m[36mSQL (0.6ms)[0m  [1mINSERT INTO `sensors` (`featured`, `name`) VALUES (1, 'Kshlerinberg')[0m
D, [2014-11-11T12:12:08.686579 #24185] DEBUG -- :   [1m[35m (40.3ms)[0m  COMMIT
D, [2014-11-11T12:12:08.692617 #24185] DEBUG -- :   [1m[36mSensor Load (0.8ms)[0m  [1mSELECT  `sensors`.* FROM `sensors`  WHERE `sensors`.`id` = 99 LIMIT 1[0m
D, [2014-11-11T12:12:08.694062 #24185] DEBUG -- :   [1m[35m (0.3ms)[0m  BEGIN
D, [2014-11-11T12:12:08.696588 #24185] DEBUG -- :   [1m[36mSQL (0.6ms)[0m  [1mUPDATE `sensors` SET `featured` = 0, `name` = 'New_name' WHERE `sensors`.`id` = 99[0m
D, [2014-11-11T12:12:08.736530 #24185] DEBUG -- :   [1m[35m (39.6ms)[0m  COMMIT
D, [2014-11-11T12:12:08.739357 #24185] DEBUG -- :   [1m[36mSensor Load (0.4ms)[0m  [1mSELECT  `sensors`.* FROM `sensors`  WHERE `sensors`.`id` = 99 LIMIT 1[0m
D, [2014-11-11T12:12:08.786853 #24185] DEBUG -- :   [1m[35mSQL (42.9ms)[0m  DELETE FROM `sensors`
D, [2014-11-11T12:12:08.792164 #24185] DEBUG -- :   [1m[36m (0.4ms)[0m  [1mBEGIN[0m
D, [2014-11-11T12:12:08.795189 #24185] DEBUG -- :   [1m[35mSQL (0.7ms)[0m  INSERT INTO `sensors` (`featured`, `name`) VALUES (1, 'Kshlerinberg')
D, [2014-11-11T12:12:08.836984 #24185] DEBUG -- :   [1m[36m (40.9ms)[0m  [1mCOMMIT[0m
D, [2014-11-11T12:12:08.842905 #24185] DEBUG -- :   [1m[35mSensor Load (0.8ms)[0m  SELECT  `sensors`.* FROM `sensors`  WHERE `sensors`.`id` = 100 LIMIT 1
D, [2014-11-11T12:12:08.844155 #24185] DEBUG -- :   [1m[36m (0.3ms)[0m  [1mBEGIN[0m
D, [2014-11-11T12:12:08.846095 #24185] DEBUG -- :   [1m[35mSQL (0.6ms)[0m  DELETE FROM `sensors` WHERE `sensors`.`id` = 100
D, [2014-11-11T12:12:08.886887 #24185] DEBUG -- :   [1m[36m (40.3ms)[0m  [1mCOMMIT[0m
D, [2014-11-11T12:12:08.891950 #24185] DEBUG -- :   [1m[35m (0.8ms)[0m  SELECT COUNT(*) FROM `sensors`
D, [2014-11-11T12:12:37.582968 #24233] DEBUG -- :   [1m[36m (0.5ms)[0m  [1mBEGIN[0m
D, [2014-11-11T12:12:37.592767 #24233] DEBUG -- :   [1m[35mSQL (0.7ms)[0m  INSERT INTO `sensors` (`featured`, `name`) VALUES (1, 'Port Felix')
D, [2014-11-11T12:12:37.664124 #24233] DEBUG -- :   [1m[36m (70.4ms)[0m  [1mCOMMIT[0m
D, [2014-11-11T12:12:37.722583 #24233] DEBUG -- :   [1m[35mSQL (56.4ms)[0m  DELETE FROM `sensors`
D, [2014-11-11T12:12:37.801073 #24233] DEBUG -- :   [1m[36mSensor Load (0.7ms)[0m  [1mSELECT `sensors`.* FROM `sensors`   ORDER BY `sensors`.`featured` DESC[0m
D, [2014-11-11T12:12:37.805699 #24233] DEBUG -- :   [1m[35mSQL (0.4ms)[0m  DELETE FROM `sensors`
D, [2014-11-11T12:12:37.807720 #24233] DEBUG -- :   [1m[36m (0.3ms)[0m  [1mBEGIN[0m
D, [2014-11-11T12:12:37.809239 #24233] DEBUG -- :   [1m[35mSQL (0.6ms)[0m  INSERT INTO `sensors` (`featured`, `name`) VALUES (1, 'Port Felix')
D, [2014-11-11T12:12:37.864376 #24233] DEBUG -- :   [1m[36m (54.3ms)[0m  [1mCOMMIT[0m
D, [2014-11-11T12:12:37.866153 #24233] DEBUG -- :   [1m[35m (0.4ms)[0m  BEGIN
D, [2014-11-11T12:12:37.868417 #24233] DEBUG -- :   [1m[36mSQL (0.7ms)[0m  [1mINSERT INTO `sensors` (`featured`, `name`) VALUES (1, 'Port Felix')[0m
D, [2014-11-11T12:12:37.906198 #24233] DEBUG -- :   [1m[35m (37.1ms)[0m  COMMIT
D, [2014-11-11T12:12:37.908279 #24233] DEBUG -- :   [1m[36m (0.5ms)[0m  [1mBEGIN[0m
D, [2014-11-11T12:12:37.910527 #24233] DEBUG -- :   [1m[35mSQL (0.7ms)[0m  INSERT INTO `sensors` (`featured`, `name`) VALUES (1, 'Port Felix')
D, [2014-11-11T12:12:37.947986 #24233] DEBUG -- :   [1m[36m (36.7ms)[0m  [1mCOMMIT[0m
D, [2014-11-11T12:12:37.952603 #24233] DEBUG -- :   [1m[35mSensor Load (0.9ms)[0m  SELECT `sensors`.* FROM `sensors`   ORDER BY `sensors`.`featured` DESC
D, [2014-11-11T12:12:37.961211 #24233] DEBUG -- :   [1m[36mSensor Load (0.7ms)[0m  [1mSELECT `sensors`.* FROM `sensors`[0m
D, [2014-11-11T12:12:38.006387 #24233] DEBUG -- :   [1m[35mSQL (37.4ms)[0m  DELETE FROM `sensors`
D, [2014-11-11T12:12:38.020404 #24233] DEBUG -- :   [1m[36m (0.4ms)[0m  [1mBEGIN[0m
D, [2014-11-11T12:12:38.022940 #24233] DEBUG -- :   [1m[35mSQL (0.5ms)[0m  INSERT INTO `sensors` (`featured`, `name`) VALUES (0, 'New Sensor')
D, [2014-11-11T12:12:38.056366 #24233] DEBUG -- :   [1m[36m (32.6ms)[0m  [1mCOMMIT[0m
D, [2014-11-11T12:12:38.059179 #24233] DEBUG -- :   [1m[35m (0.7ms)[0m  SELECT COUNT(*) FROM `sensors`
D, [2014-11-11T12:12:38.065185 #24233] DEBUG -- :   [1m[36mSensor Load (0.6ms)[0m  [1mSELECT  `sensors`.* FROM `sensors`   ORDER BY `sensors`.`id` ASC LIMIT 1[0m
D, [2014-11-11T12:12:38.098268 #24233] DEBUG -- :   [1m[35mSQL (30.5ms)[0m  DELETE FROM `sensors`
D, [2014-11-11T12:12:38.103472 #24233] DEBUG -- :   [1m[36m (0.3ms)[0m  [1mBEGIN[0m
D, [2014-11-11T12:12:38.104780 #24233] DEBUG -- :   [1m[35mSQL (0.5ms)[0m  INSERT INTO `sensors` (`featured`, `name`) VALUES (1, 'Port Felix')
D, [2014-11-11T12:12:38.139930 #24233] DEBUG -- :   [1m[36m (34.8ms)[0m  [1mCOMMIT[0m
D, [2014-11-11T12:12:38.145162 #24233] DEBUG -- :   [1m[35mSensor Load (0.8ms)[0m  SELECT  `sensors`.* FROM `sensors`  WHERE `sensors`.`id` = 106  ORDER BY `sensors`.`id` ASC LIMIT 1
D, [2014-11-11T12:12:38.181936 #24233] DEBUG -- :   [1m[36mSQL (29.6ms)[0m  [1mDELETE FROM `sensors`[0m
D, [2014-11-11T12:12:38.187386 #24233] DEBUG -- :   [1m[35m (0.5ms)[0m  BEGIN
D, [2014-11-11T12:12:38.188691 #24233] DEBUG -- :   [1m[36mSQL (0.5ms)[0m  [1mINSERT INTO `sensors` (`featured`, `name`) VALUES (1, 'Port Felix')[0m
D, [2014-11-11T12:12:38.240216 #24233] DEBUG -- :   [1m[35m (51.2ms)[0m  COMMIT
D, [2014-11-11T12:12:38.242978 #24233] DEBUG -- :   [1m[36mSensor Load (0.6ms)[0m  [1mSELECT  `sensors`.* FROM `sensors`  WHERE `sensors`.`id` = 107 LIMIT 1[0m
D, [2014-11-11T12:12:38.244371 #24233] DEBUG -- :   [1m[35m (0.3ms)[0m  BEGIN
D, [2014-11-11T12:12:38.248668 #24233] DEBUG -- :   [1m[36mSQL (0.8ms)[0m  [1mUPDATE `sensors` SET `featured` = 0, `name` = 'New_name' WHERE `sensors`.`id` = 107[0m
D, [2014-11-11T12:12:38.331333 #24233] DEBUG -- :   [1m[35m (82.1ms)[0m  COMMIT
D, [2014-11-11T12:12:38.333871 #24233] DEBUG -- :   [1m[36mSensor Load (0.8ms)[0m  [1mSELECT  `sensors`.* FROM `sensors`  WHERE `sensors`.`id` = 107 LIMIT 1[0m
D, [2014-11-11T12:12:38.390800 #24233] DEBUG -- :   [1m[35mSQL (52.5ms)[0m  DELETE FROM `sensors`
D, [2014-11-11T12:12:38.396289 #24233] DEBUG -- :   [1m[36m (0.3ms)[0m  [1mBEGIN[0m
D, [2014-11-11T12:12:38.398763 #24233] DEBUG -- :   [1m[35mSQL (0.6ms)[0m  INSERT INTO `sensors` (`featured`, `name`) VALUES (1, 'Port Felix')
D, [2014-11-11T12:12:38.432571 #24233] DEBUG -- :   [1m[36m (32.9ms)[0m  [1mCOMMIT[0m
D, [2014-11-11T12:12:38.438211 #24233] DEBUG -- :   [1m[35mSensor Load (0.8ms)[0m  SELECT  `sensors`.* FROM `sensors`  WHERE `sensors`.`id` = 108 LIMIT 1
D, [2014-11-11T12:12:38.439427 #24233] DEBUG -- :   [1m[36m (0.4ms)[0m  [1mBEGIN[0m
D, [2014-11-11T12:12:38.441433 #24233] DEBUG -- :   [1m[35mSQL (0.7ms)[0m  DELETE FROM `sensors` WHERE `sensors`.`id` = 108
D, [2014-11-11T12:12:38.482613 #24233] DEBUG -- :   [1m[36m (40.6ms)[0m  [1mCOMMIT[0m
D, [2014-11-11T12:12:38.487644 #24233] DEBUG -- :   [1m[35m (0.8ms)[0m  SELECT COUNT(*) FROM `sensors`
D, [2014-11-11T12:13:05.000971 #24300] DEBUG -- :   [1m[36m (0.1ms)[0m  [1mBEGIN[0m
D, [2014-11-11T12:13:05.004886 #24300] DEBUG -- :   [1m[35mSQL (0.3ms)[0m  INSERT INTO `sensors` (`featured`, `name`) VALUES (1, 'Lexusmouth')
D, [2014-11-11T12:13:05.041517 #24300] DEBUG -- :   [1m[36m (36.1ms)[0m  [1mCOMMIT[0m
D, [2014-11-11T12:13:05.083593 #24300] DEBUG -- :   [1m[35mSQL (40.8ms)[0m  DELETE FROM `sensors`
D, [2014-11-11T12:13:05.170510 #24300] DEBUG -- :   [1m[36mSensor Load (0.4ms)[0m  [1mSELECT `sensors`.* FROM `sensors`   ORDER BY `sensors`.`featured` DESC[0m
D, [2014-11-11T12:13:05.176149 #24300] DEBUG -- :   [1m[35mSQL (0.5ms)[0m  DELETE FROM `sensors`
D, [2014-11-11T12:13:05.179055 #24300] DEBUG -- :   [1m[36m (0.4ms)[0m  [1mBEGIN[0m
D, [2014-11-11T12:13:05.180464 #24300] DEBUG -- :   [1m[35mSQL (0.4ms)[0m  INSERT INTO `sensors` (`featured`, `name`) VALUES (1, 'Lexusmouth')
D, [2014-11-11T12:13:05.239243 #24300] DEBUG -- :   [1m[36m (58.2ms)[0m  [1mCOMMIT[0m
D, [2014-11-11T12:13:05.241497 #24300] DEBUG -- :   [1m[35m (0.5ms)[0m  BEGIN
D, [2014-11-11T12:13:05.244262 #24300] DEBUG -- :   [1m[36mSQL (0.7ms)[0m  [1mINSERT INTO `sensors` (`featured`, `name`) VALUES (1, 'Lexusmouth')[0m
D, [2014-11-11T12:13:05.301218 #24300] DEBUG -- :   [1m[35m (56.2ms)[0m  COMMIT
D, [2014-11-11T12:13:05.303653 #24300] DEBUG -- :   [1m[36m (0.4ms)[0m  [1mBEGIN[0m
D, [2014-11-11T12:13:05.306208 #24300] DEBUG -- :   [1m[35mSQL (0.8ms)[0m  INSERT INTO `sensors` (`featured`, `name`) VALUES (1, 'Lexusmouth')
D, [2014-11-11T12:13:05.367618 #24300] DEBUG -- :   [1m[36m (60.7ms)[0m  [1mCOMMIT[0m
D, [2014-11-11T12:13:05.370010 #24300] DEBUG -- :   [1m[35mSensor Load (0.5ms)[0m  SELECT `sensors`.* FROM `sensors`   ORDER BY `sensors`.`featured` DESC
D, [2014-11-11T12:13:05.374987 #24300] DEBUG -- :   [1m[36mSensor Load (0.6ms)[0m  [1mSELECT `sensors`.* FROM `sensors`[0m
D, [2014-11-11T12:13:05.492965 #24300] DEBUG -- :   [1m[35mSQL (113.4ms)[0m  DELETE FROM `sensors`
D, [2014-11-11T12:13:05.502553 #24300] DEBUG -- :   [1m[36m (0.3ms)[0m  [1mBEGIN[0m
D, [2014-11-11T12:13:05.503755 #24300] DEBUG -- :   [1m[35mSQL (0.3ms)[0m  INSERT INTO `sensors` (`featured`, `name`) VALUES (0, 'New Sensor')
D, [2014-11-11T12:13:05.543239 #24300] DEBUG -- :   [1m[36m (38.9ms)[0m  [1mCOMMIT[0m
D, [2014-11-11T12:13:05.549870 #24300] DEBUG -- :   [1m[35m (0.6ms)[0m  SELECT COUNT(*) FROM `sensors`
D, [2014-11-11T12:13:05.557664 #24300] DEBUG -- :   [1m[36mSensor Load (0.6ms)[0m  [1mSELECT  `sensors`.* FROM `sensors`   ORDER BY `sensors`.`id` ASC LIMIT 1[0m
D, [2014-11-11T12:13:05.601640 #24300] DEBUG -- :   [1m[35mSQL (41.9ms)[0m  DELETE FROM `sensors`
D, [2014-11-11T12:13:05.608276 #24300] DEBUG -- :   [1m[36m (0.3ms)[0m  [1mBEGIN[0m
D, [2014-11-11T12:13:05.611027 #24300] DEBUG -- :   [1m[35mSQL (0.6ms)[0m  INSERT INTO `sensors` (`featured`, `name`) VALUES (1, 'Lexusmouth')
D, [2014-11-11T12:13:05.651532 #24300] DEBUG -- :   [1m[36m (39.8ms)[0m  [1mCOMMIT[0m
D, [2014-11-11T12:13:05.656155 #24300] DEBUG -- :   [1m[35mSensor Load (0.5ms)[0m  SELECT  `sensors`.* FROM `sensors`  WHERE `sensors`.`id` = 114  ORDER BY `sensors`.`id` ASC LIMIT 1
D, [2014-11-11T12:13:05.701642 #24300] DEBUG -- :   [1m[36mSQL (40.7ms)[0m  [1mDELETE FROM `sensors`[0m
D, [2014-11-11T12:13:05.703713 #24300] DEBUG -- :   [1m[35m (0.2ms)[0m  BEGIN
D, [2014-11-11T12:13:05.704977 #24300] DEBUG -- :   [1m[36mSQL (0.3ms)[0m  [1mINSERT INTO `sensors` (`featured`, `name`) VALUES (1, 'Lexusmouth')[0m
D, [2014-11-11T12:13:05.743465 #24300] DEBUG -- :   [1m[35m (38.1ms)[0m  COMMIT
D, [2014-11-11T12:13:05.746907 #24300] DEBUG -- :   [1m[36mSensor Load (0.4ms)[0m  [1mSELECT  `sensors`.* FROM `sensors`  WHERE `sensors`.`id` = 115 LIMIT 1[0m
D, [2014-11-11T12:13:05.747729 #24300] DEBUG -- :   [1m[35m (0.2ms)[0m  BEGIN
D, [2014-11-11T12:13:05.751390 #24300] DEBUG -- :   [1m[36mSQL (1.5ms)[0m  [1mUPDATE `sensors` SET `featured` = 0, `name` = 'New_name' WHERE `sensors`.`id` = 115[0m
D, [2014-11-11T12:13:05.793573 #24300] DEBUG -- :   [1m[35m (41.9ms)[0m  COMMIT
D, [2014-11-11T12:13:05.796019 #24300] DEBUG -- :   [1m[36mSensor Load (0.4ms)[0m  [1mSELECT  `sensors`.* FROM `sensors`  WHERE `sensors`.`id` = 115 LIMIT 1[0m
D, [2014-11-11T12:13:05.835504 #24300] DEBUG -- :   [1m[35mSQL (37.6ms)[0m  DELETE FROM `sensors`
D, [2014-11-11T12:13:05.837776 #24300] DEBUG -- :   [1m[36m (0.2ms)[0m  [1mBEGIN[0m
D, [2014-11-11T12:13:05.838971 #24300] DEBUG -- :   [1m[35mSQL (0.3ms)[0m  INSERT INTO `sensors` (`featured`, `name`) VALUES (1, 'Lexusmouth')
D, [2014-11-11T12:13:05.877452 #24300] DEBUG -- :   [1m[36m (37.9ms)[0m  [1mCOMMIT[0m
D, [2014-11-11T12:13:05.883311 #24300] DEBUG -- :   [1m[35mSensor Load (0.8ms)[0m  SELECT  `sensors`.* FROM `sensors`  WHERE `sensors`.`id` = 116 LIMIT 1
D, [2014-11-11T12:13:05.884746 #24300] DEBUG -- :   [1m[36m (0.3ms)[0m  [1mBEGIN[0m
D, [2014-11-11T12:13:05.887202 #24300] DEBUG -- :   [1m[35mSQL (0.6ms)[0m  DELETE FROM `sensors` WHERE `sensors`.`id` = 116
D, [2014-11-11T12:13:05.927315 #24300] DEBUG -- :   [1m[36m (39.6ms)[0m  [1mCOMMIT[0m
D, [2014-11-11T12:13:05.929459 #24300] DEBUG -- :   [1m[35m (0.4ms)[0m  SELECT COUNT(*) FROM `sensors`
D, [2014-11-13T11:50:39.340225 #16622] DEBUG -- :   [1m[36mSensor Load (28.3ms)[0m  [1mSELECT `sensors`.* FROM `sensors`   ORDER BY `sensors`.`featured` DESC[0m
D, [2014-11-13T11:50:45.160612 #16622] DEBUG -- :   [1m[35mSensor Load (0.2ms)[0m  SELECT `sensors`.* FROM `sensors`   ORDER BY `sensors`.`featured` DESC
